S> Starting TSDB server on port 9999
S> connection made
S>response {'status': <TSDBStatus.OK: 0>, 'op': 'add_trigger', 'payload': None}
S> connection lost
S> connection made
S>response {'status': <TSDBStatus.OK: 0>, 'op': 'add_trigger', 'payload': None}
S> connection lost
S> connection made
S>response {'status': <TSDBStatus.OK: 0>, 'op': 'add_trigger', 'payload': None}
S> connection lost
S> connection made
S>response {'status': <TSDBStatus.OK: 0>, 'op': 'add_trigger', 'payload': None}
S> connection lost
S> connection made
S>response {'status': <TSDBStatus.OK: 0>, 'op': 'add_trigger', 'payload': None}
S> connection lost
S> connection made
S>response {'status': <TSDBStatus.OK: 0>, 'op': 'add_trigger', 'payload': None}
S> connection lost
S> connection made
S>response {'status': <TSDBStatus.OK: 0>, 'op': 'add_trigger', 'payload': None}
S> connection lost
S> connection made
S>response {'status': <TSDBStatus.OK: 0>, 'op': 'insert_ts', 'payload': None}
[[[[[[[[[[[JUNKY]]]]]]]]]]]] ts-46 {'ts': [(0.0, 0.72497955235792244), (0.01, 0.69275416200870454), (0.02, 0.74776051203300609), (0.029999999999999999, 0.83141569721073894), (0.040000000000000001, 0.85316184420686692), (0.050000000000000003, 0.88263620174095625), (0.059999999999999998, 0.77024620352294604), (0.070000000000000007, 0.87533924632248339), (0.080000000000000002, 1.0467692522099417), (0.089999999999999997, 0.96780147750258394), ...], length=100, 'pk': 'ts-46'} db:one:ts
[[[[[[[[[[[STATS]]]]]]]]]]]] ts-46 {'ts': [(0.0, 0.72497955235792244), (0.01, 0.69275416200870454), (0.02, 0.74776051203300609), (0.029999999999999999, 0.83141569721073894), (0.040000000000000001, 0.85316184420686692), (0.050000000000000003, 0.88263620174095625), (0.059999999999999998, 0.77024620352294604), (0.070000000000000007, 0.87533924632248339), (0.080000000000000002, 1.0467692522099417), (0.089999999999999997, 0.96780147750258394), ...], length=100, 'pk': 'ts-46'} None
S> connection lost
S> connection made
S>response {'status': <TSDBStatus.OK: 0>, 'op': 'upsert_meta', 'payload': None}
S> connection lost
S> connection made
S>response {'status': <TSDBStatus.OK: 0>, 'op': 'insert_ts', 'payload': None}
[[[[[[[[[[[JUNKY]]]]]]]]]]]] ts-5 {'ts': [(0.0, 0.022655099133626771), (0.01, 0.0058117352571548254), (0.02, 0.10509958837586426), (0.029999999999999999, -0.025337341829658456), (0.040000000000000001, -0.031875625367585154), (0.050000000000000003, -0.1151600719440001), (0.059999999999999998, -0.22695332552683317), (0.070000000000000007, -0.092369707367508339), (0.080000000000000002, -0.016217295364558314), (0.089999999999999997, -0.0041232941836042954), ...], length=100, 'pk': 'ts-5'} db:one:ts
[[[[[[[[[[[STATS]]]]]]]]]]]] ts-5 {'ts': [(0.0, 0.022655099133626771), (0.01, 0.0058117352571548254), (0.02, 0.10509958837586426), (0.029999999999999999, -0.025337341829658456), (0.040000000000000001, -0.031875625367585154), (0.050000000000000003, -0.1151600719440001), (0.059999999999999998, -0.22695332552683317), (0.070000000000000007, -0.092369707367508339), (0.080000000000000002, -0.016217295364558314), (0.089999999999999997, -0.0041232941836042954), ...], length=100, 'pk': 'ts-5'} None
S> connection lost
S> connection made
S>response {'status': <TSDBStatus.OK: 0>, 'op': 'upsert_meta', 'payload': None}
S> connection lost
S> connection made
S>response {'status': <TSDBStatus.OK: 0>, 'op': 'insert_ts', 'payload': None}
[[[[[[[[[[[JUNKY]]]]]]]]]]]] ts-27 {'ts': [(0.0, 0.69914518755592292), (0.01, 0.92441119377982095), (0.02, 0.6562498303676374), (0.029999999999999999, 1.0799239025290204), (0.040000000000000001, 0.68624094387526013), (0.050000000000000003, 0.75070024029608606), (0.059999999999999998, 0.83931289277648746), (0.070000000000000007, 1.2234514232015148), (0.080000000000000002, 1.2737586287464802), (0.089999999999999997, 0.87637891964910286), ...], length=100, 'pk': 'ts-27'} db:one:ts
[[[[[[[[[[[STATS]]]]]]]]]]]] ts-27 {'ts': [(0.0, 0.69914518755592292), (0.01, 0.92441119377982095), (0.02, 0.6562498303676374), (0.029999999999999999, 1.0799239025290204), (0.040000000000000001, 0.68624094387526013), (0.050000000000000003, 0.75070024029608606), (0.059999999999999998, 0.83931289277648746), (0.070000000000000007, 1.2234514232015148), (0.080000000000000002, 1.2737586287464802), (0.089999999999999997, 0.87637891964910286), ...], length=100, 'pk': 'ts-27'} None
S> connection lost
S> connection made
S>response {'status': <TSDBStatus.OK: 0>, 'op': 'upsert_meta', 'payload': None}
S> connection lost
S> connection made
S>response {'status': <TSDBStatus.OK: 0>, 'op': 'insert_ts', 'payload': None}
[[[[[[[[[[[JUNKY]]]]]]]]]]]] ts-45 {'ts': [(0.0, 1.0758429324887244), (0.01, 1.2407995700798575), (0.02, 1.1741487646881457), (0.029999999999999999, 1.2390192095246908), (0.040000000000000001, 1.5030245412723717), (0.050000000000000003, 1.3727710504039055), (0.059999999999999998, 1.5204554651038433), (0.070000000000000007, 1.539159141882644), (0.080000000000000002, 1.4246056088056915), (0.089999999999999997, 1.5007558838757153), ...], length=100, 'pk': 'ts-45'} db:one:ts
[[[[[[[[[[[STATS]]]]]]]]]]]] ts-45 {'ts': [(0.0, 1.0758429324887244), (0.01, 1.2407995700798575), (0.02, 1.1741487646881457), (0.029999999999999999, 1.2390192095246908), (0.040000000000000001, 1.5030245412723717), (0.050000000000000003, 1.3727710504039055), (0.059999999999999998, 1.5204554651038433), (0.070000000000000007, 1.539159141882644), (0.080000000000000002, 1.4246056088056915), (0.089999999999999997, 1.5007558838757153), ...], length=100, 'pk': 'ts-45'} None
S> connection lost
S> connection made
S>response {'status': <TSDBStatus.OK: 0>, 'op': 'upsert_meta', 'payload': None}
S> connection lost
S> connection made
S>response {'status': <TSDBStatus.OK: 0>, 'op': 'insert_ts', 'payload': None}
[[[[[[[[[[[JUNKY]]]]]]]]]]]] ts-3 {'ts': [(0.0, 1.4273662507909397), (0.01, 1.0124543454827326), (0.02, 1.1542868284113392), (0.029999999999999999, 0.82297857848832179), (0.040000000000000001, 1.2605473898914556), (0.050000000000000003, 0.9993446414496564), (0.059999999999999998, 1.6179749959780012), (0.070000000000000007, 1.0546391996903699), (0.080000000000000002, 1.2164899664203737), (0.089999999999999997, 1.3530442285491247), ...], length=100, 'pk': 'ts-3'} db:one:ts
[[[[[[[[[[[STATS]]]]]]]]]]]] ts-3 {'ts': [(0.0, 1.4273662507909397), (0.01, 1.0124543454827326), (0.02, 1.1542868284113392), (0.029999999999999999, 0.82297857848832179), (0.040000000000000001, 1.2605473898914556), (0.050000000000000003, 0.9993446414496564), (0.059999999999999998, 1.6179749959780012), (0.070000000000000007, 1.0546391996903699), (0.080000000000000002, 1.2164899664203737), (0.089999999999999997, 1.3530442285491247), ...], length=100, 'pk': 'ts-3'} None
S> connection lost
S> connection made
S>response {'status': <TSDBStatus.OK: 0>, 'op': 'upsert_meta', 'payload': None}
S> connection lost
S> connection made
S>response {'status': <TSDBStatus.OK: 0>, 'op': 'insert_ts', 'payload': None}
[[[[[[[[[[[JUNKY]]]]]]]]]]]] ts-1 {'ts': [(0.0, 1.113801881766086), (0.01, 1.3262469913090078), (0.02, 1.5396610459377766), (0.029999999999999999, 1.7400588824769767), (0.040000000000000001, 1.7167165699665796), (0.050000000000000003, 1.8864859785598844), (0.059999999999999998, 2.0391930872028357), (0.070000000000000007, 1.9232047952865308), (0.080000000000000002, 2.1787652263560155), (0.089999999999999997, 2.1940283891057928), ...], length=100, 'pk': 'ts-1'} db:one:ts
[[[[[[[[[[[STATS]]]]]]]]]]]] ts-1 {'ts': [(0.0, 1.113801881766086), (0.01, 1.3262469913090078), (0.02, 1.5396610459377766), (0.029999999999999999, 1.7400588824769767), (0.040000000000000001, 1.7167165699665796), (0.050000000000000003, 1.8864859785598844), (0.059999999999999998, 2.0391930872028357), (0.070000000000000007, 1.9232047952865308), (0.080000000000000002, 2.1787652263560155), (0.089999999999999997, 2.1940283891057928), ...], length=100, 'pk': 'ts-1'} None
S> connection lost
S> connection made
S>response {'status': <TSDBStatus.OK: 0>, 'op': 'upsert_meta', 'payload': None}
S> connection lost
S> connection made
S>response {'status': <TSDBStatus.OK: 0>, 'op': 'insert_ts', 'payload': None}
[[[[[[[[[[[JUNKY]]]]]]]]]]]] ts-25 {'ts': [(0.0, -0.029562205758396722), (0.01, -0.033282714566880443), (0.02, -0.00049449559295114225), (0.029999999999999999, 0.064888488993679355), (0.040000000000000001, 0.11918298177852507), (0.050000000000000003, 0.014333406343375979), (0.059999999999999998, -0.25836584389371292), (0.070000000000000007, -0.060213342584809933), (0.080000000000000002, 0.11234315275149399), (0.089999999999999997, 0.02199406992437309), ...], length=100, 'pk': 'ts-25'} db:one:ts
[[[[[[[[[[[STATS]]]]]]]]]]]] ts-25 {'ts': [(0.0, -0.029562205758396722), (0.01, -0.033282714566880443), (0.02, -0.00049449559295114225), (0.029999999999999999, 0.064888488993679355), (0.040000000000000001, 0.11918298177852507), (0.050000000000000003, 0.014333406343375979), (0.059999999999999998, -0.25836584389371292), (0.070000000000000007, -0.060213342584809933), (0.080000000000000002, 0.11234315275149399), (0.089999999999999997, 0.02199406992437309), ...], length=100, 'pk': 'ts-25'} None
S> connection lost
S> connection made
S>response {'status': <TSDBStatus.OK: 0>, 'op': 'upsert_meta', 'payload': None}
S> connection lost
S> connection made
S>response {'status': <TSDBStatus.OK: 0>, 'op': 'insert_ts', 'payload': None}
[[[[[[[[[[[JUNKY]]]]]]]]]]]] ts-29 {'ts': [(0.0, 1.3951655111784254), (0.01, 1.5026007506577326), (0.02, 1.5406136186423764), (0.029999999999999999, 1.3652522604511568), (0.040000000000000001, 1.5235795984562517), (0.050000000000000003, 1.5597993721235448), (0.059999999999999998, 1.5261450464819331), (0.070000000000000007, 1.5290946443117639), (0.080000000000000002, 1.5831192764066748), (0.089999999999999997, 1.6756211059984896), ...], length=100, 'pk': 'ts-29'} db:one:ts
[[[[[[[[[[[STATS]]]]]]]]]]]] ts-29 {'ts': [(0.0, 1.3951655111784254), (0.01, 1.5026007506577326), (0.02, 1.5406136186423764), (0.029999999999999999, 1.3652522604511568), (0.040000000000000001, 1.5235795984562517), (0.050000000000000003, 1.5597993721235448), (0.059999999999999998, 1.5261450464819331), (0.070000000000000007, 1.5290946443117639), (0.080000000000000002, 1.5831192764066748), (0.089999999999999997, 1.6756211059984896), ...], length=100, 'pk': 'ts-29'} None
S> connection lost
S> connection made
S>response {'status': <TSDBStatus.OK: 0>, 'op': 'upsert_meta', 'payload': None}
S> connection lost
S> connection made
S>response {'status': <TSDBStatus.OK: 0>, 'op': 'insert_ts', 'payload': None}
[[[[[[[[[[[JUNKY]]]]]]]]]]]] ts-7 {'ts': [(0.0, 1.3406446029385493), (0.01, 1.4006179847243061), (0.02, 1.2865930254885929), (0.029999999999999999, 1.3803460102470286), (0.040000000000000001, 1.5152302903464583), (0.050000000000000003, 1.5051857125482158), (0.059999999999999998, 1.4713322966410156), (0.070000000000000007, 1.5067069698448448), (0.080000000000000002, 1.5759963003744688), (0.089999999999999997, 1.5451835063416552), ...], length=100, 'pk': 'ts-7'} db:one:ts
[[[[[[[[[[[STATS]]]]]]]]]]]] ts-7 {'ts': [(0.0, 1.3406446029385493), (0.01, 1.4006179847243061), (0.02, 1.2865930254885929), (0.029999999999999999, 1.3803460102470286), (0.040000000000000001, 1.5152302903464583), (0.050000000000000003, 1.5051857125482158), (0.059999999999999998, 1.4713322966410156), (0.070000000000000007, 1.5067069698448448), (0.080000000000000002, 1.5759963003744688), (0.089999999999999997, 1.5451835063416552), ...], length=100, 'pk': 'ts-7'} None
S> connection lost
S> connection made
S>response {'status': <TSDBStatus.OK: 0>, 'op': 'upsert_meta', 'payload': None}
S> connection lost
S> connection made
S>response {'status': <TSDBStatus.OK: 0>, 'op': 'insert_ts', 'payload': None}
[[[[[[[[[[[JUNKY]]]]]]]]]]]] ts-47 {'ts': [(0.0, -0.029495524557790948), (0.01, -0.3156317668631225), (0.02, 0.25195172210015937), (0.029999999999999999, -0.20679461293229606), (0.040000000000000001, 0.037342891545167171), (0.050000000000000003, -0.01617188924502605), (0.059999999999999998, -0.081118752869640348), (0.070000000000000007, -0.10010832801929274), (0.080000000000000002, 0.01156524486332669), (0.089999999999999997, 0.39116033460282895), ...], length=100, 'pk': 'ts-47'} db:one:ts
[[[[[[[[[[[STATS]]]]]]]]]]]] ts-47 {'ts': [(0.0, -0.029495524557790948), (0.01, -0.3156317668631225), (0.02, 0.25195172210015937), (0.029999999999999999, -0.20679461293229606), (0.040000000000000001, 0.037342891545167171), (0.050000000000000003, -0.01617188924502605), (0.059999999999999998, -0.081118752869640348), (0.070000000000000007, -0.10010832801929274), (0.080000000000000002, 0.01156524486332669), (0.089999999999999997, 0.39116033460282895), ...], length=100, 'pk': 'ts-47'} None
S> connection lost
S> connection made
S>response {'status': <TSDBStatus.OK: 0>, 'op': 'upsert_meta', 'payload': None}
S> connection lost
S> connection made
S>response {'status': <TSDBStatus.OK: 0>, 'op': 'insert_ts', 'payload': None}
[[[[[[[[[[[JUNKY]]]]]]]]]]]] ts-40 {'ts': [(0.0, -0.07387277991273862), (0.01, -0.025468075635853845), (0.02, -0.027762311663152583), (0.029999999999999999, -0.016206878779749103), (0.040000000000000001, 0.06290267089633815), (0.050000000000000003, 0.078863076252859043), (0.059999999999999998, -0.047661010897665071), (0.070000000000000007, 0.11916140116949878), (0.080000000000000002, -0.073812177684588018), (0.089999999999999997, -0.057831102453175728), ...], length=100, 'pk': 'ts-40'} db:one:ts
[[[[[[[[[[[STATS]]]]]]]]]]]] ts-40 {'ts': [(0.0, -0.07387277991273862), (0.01, -0.025468075635853845), (0.02, -0.027762311663152583), (0.029999999999999999, -0.016206878779749103), (0.040000000000000001, 0.06290267089633815), (0.050000000000000003, 0.078863076252859043), (0.059999999999999998, -0.047661010897665071), (0.070000000000000007, 0.11916140116949878), (0.080000000000000002, -0.073812177684588018), (0.089999999999999997, -0.057831102453175728), ...], length=100, 'pk': 'ts-40'} None
S> connection lost
S> connection made
S>response {'status': <TSDBStatus.OK: 0>, 'op': 'upsert_meta', 'payload': None}
S> connection lost
S> connection made
S>response {'status': <TSDBStatus.OK: 0>, 'op': 'insert_ts', 'payload': None}
[[[[[[[[[[[JUNKY]]]]]]]]]]]] ts-34 {'ts': [(0.0, 0.1234459136344853), (0.01, 0.015108626338122913), (0.02, 0.0025088828851442353), (0.029999999999999999, -0.029230700217787824), (0.040000000000000001, -0.039182395651582089), (0.050000000000000003, -0.069842008957207422), (0.059999999999999998, 0.035083498948973647), (0.070000000000000007, -0.11561619006950055), (0.080000000000000002, 0.064175325743546313), (0.089999999999999997, -0.0028996296153336052), ...], length=100, 'pk': 'ts-34'} db:one:ts
[[[[[[[[[[[STATS]]]]]]]]]]]] ts-34 {'ts': [(0.0, 0.1234459136344853), (0.01, 0.015108626338122913), (0.02, 0.0025088828851442353), (0.029999999999999999, -0.029230700217787824), (0.040000000000000001, -0.039182395651582089), (0.050000000000000003, -0.069842008957207422), (0.059999999999999998, 0.035083498948973647), (0.070000000000000007, -0.11561619006950055), (0.080000000000000002, 0.064175325743546313), (0.089999999999999997, -0.0028996296153336052), ...], length=100, 'pk': 'ts-34'} None
S> connection lost
S> connection made
S>response {'status': <TSDBStatus.OK: 0>, 'op': 'upsert_meta', 'payload': None}
S> connection lost
S> connection made
S>response {'status': <TSDBStatus.OK: 0>, 'op': 'insert_ts', 'payload': None}
[[[[[[[[[[[JUNKY]]]]]]]]]]]] ts-35 {'ts': [(0.0, 1.8304092969207859), (0.01, 1.9667711832696715), (0.02, 2.357027480021483), (0.029999999999999999, 2.3172766106909997), (0.040000000000000001, 2.5017152915811618), (0.050000000000000003, 2.3824119263049517), (0.059999999999999998, 2.7972033178075506), (0.070000000000000007, 2.7095840442410726), (0.080000000000000002, 2.9446159992682888), (0.089999999999999997, 3.1413587326073853), ...], length=100, 'pk': 'ts-35'} db:one:ts
[[[[[[[[[[[STATS]]]]]]]]]]]] ts-35 {'ts': [(0.0, 1.8304092969207859), (0.01, 1.9667711832696715), (0.02, 2.357027480021483), (0.029999999999999999, 2.3172766106909997), (0.040000000000000001, 2.5017152915811618), (0.050000000000000003, 2.3824119263049517), (0.059999999999999998, 2.7972033178075506), (0.070000000000000007, 2.7095840442410726), (0.080000000000000002, 2.9446159992682888), (0.089999999999999997, 3.1413587326073853), ...], length=100, 'pk': 'ts-35'} None
S> connection lost
S> connection made
S>response {'status': <TSDBStatus.OK: 0>, 'op': 'upsert_meta', 'payload': None}
S> connection lost
S> connection made
S>response {'status': <TSDBStatus.OK: 0>, 'op': 'insert_ts', 'payload': None}
[[[[[[[[[[[JUNKY]]]]]]]]]]]] ts-17 {'ts': [(0.0, 0.2797119665923225), (0.01, 0.40012274781785517), (0.02, 0.60614782974604264), (0.029999999999999999, 0.57156855430984177), (0.040000000000000001, 0.58380743421234182), (0.050000000000000003, 0.63366441829385312), (0.059999999999999998, 0.56337506036195339), (0.070000000000000007, 1.1307268962013308), (0.080000000000000002, 1.0683804320147157), (0.089999999999999997, 1.3172262094797522), ...], length=100, 'pk': 'ts-17'} db:one:ts
[[[[[[[[[[[STATS]]]]]]]]]]]] ts-17 {'ts': [(0.0, 0.2797119665923225), (0.01, 0.40012274781785517), (0.02, 0.60614782974604264), (0.029999999999999999, 0.57156855430984177), (0.040000000000000001, 0.58380743421234182), (0.050000000000000003, 0.63366441829385312), (0.059999999999999998, 0.56337506036195339), (0.070000000000000007, 1.1307268962013308), (0.080000000000000002, 1.0683804320147157), (0.089999999999999997, 1.3172262094797522), ...], length=100, 'pk': 'ts-17'} None
S> connection lost
S> connection made
S>response {'status': <TSDBStatus.OK: 0>, 'op': 'upsert_meta', 'payload': None}
S> connection lost
S> connection made
S>response {'status': <TSDBStatus.OK: 0>, 'op': 'insert_ts', 'payload': None}
[[[[[[[[[[[JUNKY]]]]]]]]]]]] ts-19 {'ts': [(0.0, -0.013690988229045117), (0.01, -0.094857229472785284), (0.02, -0.0064649822288234821), (0.029999999999999999, 0.092382439818782594), (0.040000000000000001, 0.32199115680955065), (0.050000000000000003, 0.13557486885731432), (0.059999999999999998, 0.27245054768344823), (0.070000000000000007, -0.049757385487218461), (0.080000000000000002, 0.28289182739413377), (0.089999999999999997, 0.1756356705245242), ...], length=100, 'pk': 'ts-19'} db:one:ts
[[[[[[[[[[[STATS]]]]]]]]]]]] ts-19 {'ts': [(0.0, -0.013690988229045117), (0.01, -0.094857229472785284), (0.02, -0.0064649822288234821), (0.029999999999999999, 0.092382439818782594), (0.040000000000000001, 0.32199115680955065), (0.050000000000000003, 0.13557486885731432), (0.059999999999999998, 0.27245054768344823), (0.070000000000000007, -0.049757385487218461), (0.080000000000000002, 0.28289182739413377), (0.089999999999999997, 0.1756356705245242), ...], length=100, 'pk': 'ts-19'} None
S> connection lost
S> connection made
S>response {'status': <TSDBStatus.OK: 0>, 'op': 'upsert_meta', 'payload': None}
S> connection lost
S> connection made
S>response {'status': <TSDBStatus.OK: 0>, 'op': 'insert_ts', 'payload': None}
[[[[[[[[[[[JUNKY]]]]]]]]]]]] ts-37 {'ts': [(0.0, -0.14771889835212756), (0.01, -0.04794927721593472), (0.02, 0.00043797607178258256), (0.029999999999999999, 0.048099677953790547), (0.040000000000000001, 0.072287548459174705), (0.050000000000000003, 0.017900237706692093), (0.059999999999999998, 0.058076887370709811), (0.070000000000000007, -0.048446508872621842), (0.080000000000000002, -0.01681633503833261), (0.089999999999999997, -0.063351570212821937), ...], length=100, 'pk': 'ts-37'} db:one:ts
[[[[[[[[[[[STATS]]]]]]]]]]]] ts-37 {'ts': [(0.0, -0.14771889835212756), (0.01, -0.04794927721593472), (0.02, 0.00043797607178258256), (0.029999999999999999, 0.048099677953790547), (0.040000000000000001, 0.072287548459174705), (0.050000000000000003, 0.017900237706692093), (0.059999999999999998, 0.058076887370709811), (0.070000000000000007, -0.048446508872621842), (0.080000000000000002, -0.01681633503833261), (0.089999999999999997, -0.063351570212821937), ...], length=100, 'pk': 'ts-37'} None
S> connection lost
S> connection made
S>response {'status': <TSDBStatus.OK: 0>, 'op': 'upsert_meta', 'payload': None}
S> connection lost
S> connection made
S>response {'status': <TSDBStatus.OK: 0>, 'op': 'insert_ts', 'payload': None}
[[[[[[[[[[[JUNKY]]]]]]]]]]]] ts-0 {'ts': [(0.0, 1.1147203730386464), (0.01, 1.0833603643155554), (0.02, 1.2343346472568844), (0.029999999999999999, 1.0841957905502548), (0.040000000000000001, 1.042011410795719), (0.050000000000000003, 1.2986691668946295), (0.059999999999999998, 1.089903322842728), (0.070000000000000007, 1.0856544478801367), (0.080000000000000002, 1.03059449546659), (0.089999999999999997, 1.0325246551210674), ...], length=100, 'pk': 'ts-0'} db:one:ts
[[[[[[[[[[[STATS]]]]]]]]]]]] ts-0 {'ts': [(0.0, 1.1147203730386464), (0.01, 1.0833603643155554), (0.02, 1.2343346472568844), (0.029999999999999999, 1.0841957905502548), (0.040000000000000001, 1.042011410795719), (0.050000000000000003, 1.2986691668946295), (0.059999999999999998, 1.089903322842728), (0.070000000000000007, 1.0856544478801367), (0.080000000000000002, 1.03059449546659), (0.089999999999999997, 1.0325246551210674), ...], length=100, 'pk': 'ts-0'} None
S> connection lost
S> connection made
S>response {'status': <TSDBStatus.OK: 0>, 'op': 'upsert_meta', 'payload': None}
S> connection lost
S> connection made
S>response {'status': <TSDBStatus.OK: 0>, 'op': 'insert_ts', 'payload': None}
[[[[[[[[[[[JUNKY]]]]]]]]]]]] ts-21 {'ts': [(0.0, 0.0088663255085097946), (0.01, -0.066501814011237503), (0.02, 0.021522973104402477), (0.029999999999999999, -0.096268647783332967), (0.040000000000000001, -0.15848129870389163), (0.050000000000000003, -0.08166635642684171), (0.059999999999999998, 0.20146864505874357), (0.070000000000000007, 0.10691456454749415), (0.080000000000000002, -0.054994848023205943), (0.089999999999999997, 0.14994413772732196), ...], length=100, 'pk': 'ts-21'} db:one:ts
[[[[[[[[[[[STATS]]]]]]]]]]]] ts-21 {'ts': [(0.0, 0.0088663255085097946), (0.01, -0.066501814011237503), (0.02, 0.021522973104402477), (0.029999999999999999, -0.096268647783332967), (0.040000000000000001, -0.15848129870389163), (0.050000000000000003, -0.08166635642684171), (0.059999999999999998, 0.20146864505874357), (0.070000000000000007, 0.10691456454749415), (0.080000000000000002, -0.054994848023205943), (0.089999999999999997, 0.14994413772732196), ...], length=100, 'pk': 'ts-21'} None
S> connection lost
S> connection made
S>response {'status': <TSDBStatus.OK: 0>, 'op': 'upsert_meta', 'payload': None}
S> connection lost
S> connection made
S>response {'status': <TSDBStatus.OK: 0>, 'op': 'insert_ts', 'payload': None}
[[[[[[[[[[[JUNKY]]]]]]]]]]]] ts-31 {'ts': [(0.0, 1.2037986506439622), (0.01, 1.418594398025951), (0.02, 1.5380936750899574), (0.029999999999999999, 1.5220972435016022), (0.040000000000000001, 1.224686220804204), (0.050000000000000003, 1.3172127790516461), (0.059999999999999998, 1.551234101061133), (0.070000000000000007, 1.4488030475798825), (0.080000000000000002, 1.9319711366712897), (0.089999999999999997, 1.6065847332181242), ...], length=100, 'pk': 'ts-31'} db:one:ts
[[[[[[[[[[[STATS]]]]]]]]]]]] ts-31 {'ts': [(0.0, 1.2037986506439622), (0.01, 1.418594398025951), (0.02, 1.5380936750899574), (0.029999999999999999, 1.5220972435016022), (0.040000000000000001, 1.224686220804204), (0.050000000000000003, 1.3172127790516461), (0.059999999999999998, 1.551234101061133), (0.070000000000000007, 1.4488030475798825), (0.080000000000000002, 1.9319711366712897), (0.089999999999999997, 1.6065847332181242), ...], length=100, 'pk': 'ts-31'} None
S> connection lost
S> connection made
S>response {'status': <TSDBStatus.OK: 0>, 'op': 'upsert_meta', 'payload': None}
S> connection lost
S> connection made
S>response {'status': <TSDBStatus.OK: 0>, 'op': 'insert_ts', 'payload': None}
[[[[[[[[[[[JUNKY]]]]]]]]]]]] ts-33 {'ts': [(0.0, -0.076479791906356481), (0.01, 0.089755114640426126), (0.02, -0.10563722804465114), (0.029999999999999999, -0.28395038516967264), (0.040000000000000001, 0.026160019575257563), (0.050000000000000003, 0.064450092037822829), (0.059999999999999998, -0.014662981872456441), (0.070000000000000007, -0.09069896134554703), (0.080000000000000002, -0.20717209560557756), (0.089999999999999997, -0.21421672333505326), ...], length=100, 'pk': 'ts-33'} db:one:ts
[[[[[[[[[[[STATS]]]]]]]]]]]] ts-33 {'ts': [(0.0, -0.076479791906356481), (0.01, 0.089755114640426126), (0.02, -0.10563722804465114), (0.029999999999999999, -0.28395038516967264), (0.040000000000000001, 0.026160019575257563), (0.050000000000000003, 0.064450092037822829), (0.059999999999999998, -0.014662981872456441), (0.070000000000000007, -0.09069896134554703), (0.080000000000000002, -0.20717209560557756), (0.089999999999999997, -0.21421672333505326), ...], length=100, 'pk': 'ts-33'} None
S> connection lost
S> connection made
S>response {'status': <TSDBStatus.OK: 0>, 'op': 'upsert_meta', 'payload': None}
S> connection lost
S> connection made
S>response {'status': <TSDBStatus.OK: 0>, 'op': 'insert_ts', 'payload': None}
[[[[[[[[[[[JUNKY]]]]]]]]]]]] ts-18 {'ts': [(0.0, 0.29040427740128621), (0.01, -0.29841029345196762), (0.02, 0.12649199141261044), (0.029999999999999999, 0.21395203381641584), (0.040000000000000001, 0.2513809670416996), (0.050000000000000003, 0.28418946528272726), (0.059999999999999998, 0.18816966473642199), (0.070000000000000007, 0.11376440311337176), (0.080000000000000002, 0.16988213970746591), (0.089999999999999997, 0.071812282029514715), ...], length=100, 'pk': 'ts-18'} db:one:ts
[[[[[[[[[[[STATS]]]]]]]]]]]] ts-18 {'ts': [(0.0, 0.29040427740128621), (0.01, -0.29841029345196762), (0.02, 0.12649199141261044), (0.029999999999999999, 0.21395203381641584), (0.040000000000000001, 0.2513809670416996), (0.050000000000000003, 0.28418946528272726), (0.059999999999999998, 0.18816966473642199), (0.070000000000000007, 0.11376440311337176), (0.080000000000000002, 0.16988213970746591), (0.089999999999999997, 0.071812282029514715), ...], length=100, 'pk': 'ts-18'} None
S> connection lost
S> connection made
S>response {'status': <TSDBStatus.OK: 0>, 'op': 'upsert_meta', 'payload': None}
S> connection lost
S> connection made
S>response {'status': <TSDBStatus.OK: 0>, 'op': 'insert_ts', 'payload': None}
[[[[[[[[[[[JUNKY]]]]]]]]]]]] ts-42 {'ts': [(0.0, 0.098045045755289495), (0.01, -0.025788330568410102), (0.02, -0.058514650535025033), (0.029999999999999999, 0.12557500383747017), (0.040000000000000001, 0.050755400269138384), (0.050000000000000003, 0.011161593846603519), (0.059999999999999998, -0.0065646557225613519), (0.070000000000000007, 0.014914152342444581), (0.080000000000000002, -0.019666588773954372), (0.089999999999999997, 0.035067689392670166), ...], length=100, 'pk': 'ts-42'} db:one:ts
[[[[[[[[[[[STATS]]]]]]]]]]]] ts-42 {'ts': [(0.0, 0.098045045755289495), (0.01, -0.025788330568410102), (0.02, -0.058514650535025033), (0.029999999999999999, 0.12557500383747017), (0.040000000000000001, 0.050755400269138384), (0.050000000000000003, 0.011161593846603519), (0.059999999999999998, -0.0065646557225613519), (0.070000000000000007, 0.014914152342444581), (0.080000000000000002, -0.019666588773954372), (0.089999999999999997, 0.035067689392670166), ...], length=100, 'pk': 'ts-42'} None
S> connection lost
S> connection made
S>response {'status': <TSDBStatus.OK: 0>, 'op': 'upsert_meta', 'payload': None}
S> connection lost
S> connection made
S>response {'status': <TSDBStatus.OK: 0>, 'op': 'insert_ts', 'payload': None}
[[[[[[[[[[[JUNKY]]]]]]]]]]]] ts-14 {'ts': [(0.0, 1.1054457332220522), (0.01, 1.2100926223364896), (0.02, 1.2863951913495089), (0.029999999999999999, 1.2440081526308993), (0.040000000000000001, 1.2323137200800769), (0.050000000000000003, 1.2905509408995286), (0.059999999999999998, 1.1890484261530656), (0.070000000000000007, 1.2984013112126338), (0.080000000000000002, 1.3697144893228363), (0.089999999999999997, 1.3311785994582821), ...], length=100, 'pk': 'ts-14'} db:one:ts
[[[[[[[[[[[STATS]]]]]]]]]]]] ts-14 {'ts': [(0.0, 1.1054457332220522), (0.01, 1.2100926223364896), (0.02, 1.2863951913495089), (0.029999999999999999, 1.2440081526308993), (0.040000000000000001, 1.2323137200800769), (0.050000000000000003, 1.2905509408995286), (0.059999999999999998, 1.1890484261530656), (0.070000000000000007, 1.2984013112126338), (0.080000000000000002, 1.3697144893228363), (0.089999999999999997, 1.3311785994582821), ...], length=100, 'pk': 'ts-14'} None
S> connection lost
S> connection made
S>response {'status': <TSDBStatus.OK: 0>, 'op': 'upsert_meta', 'payload': None}
S> connection lost
S> connection made
S>response {'status': <TSDBStatus.OK: 0>, 'op': 'insert_ts', 'payload': None}
[[[[[[[[[[[JUNKY]]]]]]]]]]]] ts-16 {'ts': [(0.0, 0.1295969122040842), (0.01, -0.087943385598792154), (0.02, -0.13123541614850237), (0.029999999999999999, -0.042715107224898158), (0.040000000000000001, 0.20473381737515489), (0.050000000000000003, -0.077758080383182743), (0.059999999999999998, -0.2134812842928942), (0.070000000000000007, -0.021478323989179478), (0.080000000000000002, 0.13634709945896351), (0.089999999999999997, 0.21694737730697172), ...], length=100, 'pk': 'ts-16'} db:one:ts
[[[[[[[[[[[STATS]]]]]]]]]]]] ts-16 {'ts': [(0.0, 0.1295969122040842), (0.01, -0.087943385598792154), (0.02, -0.13123541614850237), (0.029999999999999999, -0.042715107224898158), (0.040000000000000001, 0.20473381737515489), (0.050000000000000003, -0.077758080383182743), (0.059999999999999998, -0.2134812842928942), (0.070000000000000007, -0.021478323989179478), (0.080000000000000002, 0.13634709945896351), (0.089999999999999997, 0.21694737730697172), ...], length=100, 'pk': 'ts-16'} None
S> connection lost
S> connection made
S>response {'status': <TSDBStatus.OK: 0>, 'op': 'upsert_meta', 'payload': None}
S> connection lost
S> connection made
S>response {'status': <TSDBStatus.OK: 0>, 'op': 'insert_ts', 'payload': None}
[[[[[[[[[[[JUNKY]]]]]]]]]]]] ts-49 {'ts': [(0.0, -0.0015242871099536981), (0.01, -0.31225670605604677), (0.02, 0.010723588889940204), (0.029999999999999999, 0.11885159036690277), (0.040000000000000001, 0.10367545220234073), (0.050000000000000003, 0.18039483907462822), (0.059999999999999998, 0.19344731782480917), (0.070000000000000007, -0.0051769704022266577), (0.080000000000000002, 0.12165700074357604), (0.089999999999999997, 0.22721133201472499), ...], length=100, 'pk': 'ts-49'} db:one:ts
[[[[[[[[[[[STATS]]]]]]]]]]]] ts-49 {'ts': [(0.0, -0.0015242871099536981), (0.01, -0.31225670605604677), (0.02, 0.010723588889940204), (0.029999999999999999, 0.11885159036690277), (0.040000000000000001, 0.10367545220234073), (0.050000000000000003, 0.18039483907462822), (0.059999999999999998, 0.19344731782480917), (0.070000000000000007, -0.0051769704022266577), (0.080000000000000002, 0.12165700074357604), (0.089999999999999997, 0.22721133201472499), ...], length=100, 'pk': 'ts-49'} None
S> connection lost
S> connection made
S>response {'status': <TSDBStatus.OK: 0>, 'op': 'upsert_meta', 'payload': None}
S> connection lost
S> connection made
S>response {'status': <TSDBStatus.OK: 0>, 'op': 'insert_ts', 'payload': None}
[[[[[[[[[[[JUNKY]]]]]]]]]]]] ts-2 {'ts': [(0.0, 0.44946829780021297), (0.01, 0.1424935566939397), (0.02, 0.69617107167183157), (0.029999999999999999, 0.47599970937166619), (0.040000000000000001, 0.96229897318745039), (0.050000000000000003, 0.69396242266090591), (0.059999999999999998, 1.0541491184102478), (0.070000000000000007, 1.0314261621397067), (0.080000000000000002, 1.2733787914239709), (0.089999999999999997, 1.6399171262250805), ...], length=100, 'pk': 'ts-2'} db:one:ts
[[[[[[[[[[[STATS]]]]]]]]]]]] ts-2 {'ts': [(0.0, 0.44946829780021297), (0.01, 0.1424935566939397), (0.02, 0.69617107167183157), (0.029999999999999999, 0.47599970937166619), (0.040000000000000001, 0.96229897318745039), (0.050000000000000003, 0.69396242266090591), (0.059999999999999998, 1.0541491184102478), (0.070000000000000007, 1.0314261621397067), (0.080000000000000002, 1.2733787914239709), (0.089999999999999997, 1.6399171262250805), ...], length=100, 'pk': 'ts-2'} None
S> connection lost
S> connection made
S>response {'status': <TSDBStatus.OK: 0>, 'op': 'upsert_meta', 'payload': None}
S> connection lost
S> connection made
S>response {'status': <TSDBStatus.OK: 0>, 'op': 'insert_ts', 'payload': None}
[[[[[[[[[[[JUNKY]]]]]]]]]]]] ts-22 {'ts': [(0.0, 0.012232741216592201), (0.01, 0.3108804133994244), (0.02, 0.06250882136619125), (0.029999999999999999, 0.18847000661225832), (0.040000000000000001, 0.15842283617714623), (0.050000000000000003, -0.065832421696220389), (0.059999999999999998, 0.11227489658072307), (0.070000000000000007, 0.083289379391289775), (0.080000000000000002, 0.027237020974939009), (0.089999999999999997, -0.058226644212998446), ...], length=100, 'pk': 'ts-22'} db:one:ts
[[[[[[[[[[[STATS]]]]]]]]]]]] ts-22 {'ts': [(0.0, 0.012232741216592201), (0.01, 0.3108804133994244), (0.02, 0.06250882136619125), (0.029999999999999999, 0.18847000661225832), (0.040000000000000001, 0.15842283617714623), (0.050000000000000003, -0.065832421696220389), (0.059999999999999998, 0.11227489658072307), (0.070000000000000007, 0.083289379391289775), (0.080000000000000002, 0.027237020974939009), (0.089999999999999997, -0.058226644212998446), ...], length=100, 'pk': 'ts-22'} None
S> connection lost
S> connection made
S>response {'status': <TSDBStatus.OK: 0>, 'op': 'upsert_meta', 'payload': None}
S> connection lost
S> connection made
S>response {'status': <TSDBStatus.OK: 0>, 'op': 'insert_ts', 'payload': None}
[[[[[[[[[[[JUNKY]]]]]]]]]]]] ts-6 {'ts': [(0.0, 0.322994090077386), (0.01, 0.21223012640491426), (0.02, 0.15820139301869221), (0.029999999999999999, 0.13953976167192467), (0.040000000000000001, 0.31957546106039858), (0.050000000000000003, 0.10936775942516966), (0.059999999999999998, 0.62394876334581983), (0.070000000000000007, 0.25791305094888445), (0.080000000000000002, 0.58004656151898248), (0.089999999999999997, 0.45104273055973954), ...], length=100, 'pk': 'ts-6'} db:one:ts
[[[[[[[[[[[STATS]]]]]]]]]]]] ts-6 {'ts': [(0.0, 0.322994090077386), (0.01, 0.21223012640491426), (0.02, 0.15820139301869221), (0.029999999999999999, 0.13953976167192467), (0.040000000000000001, 0.31957546106039858), (0.050000000000000003, 0.10936775942516966), (0.059999999999999998, 0.62394876334581983), (0.070000000000000007, 0.25791305094888445), (0.080000000000000002, 0.58004656151898248), (0.089999999999999997, 0.45104273055973954), ...], length=100, 'pk': 'ts-6'} None
S> connection lost
S> connection made
S>response {'status': <TSDBStatus.OK: 0>, 'op': 'upsert_meta', 'payload': None}
S> connection lost
S> connection made
S>response {'status': <TSDBStatus.OK: 0>, 'op': 'insert_ts', 'payload': None}
[[[[[[[[[[[JUNKY]]]]]]]]]]]] ts-30 {'ts': [(0.0, 0.025590821619364768), (0.01, 0.097645163696877119), (0.02, 0.11298850163374917), (0.029999999999999999, 0.082646826857588715), (0.040000000000000001, 0.061005787794672778), (0.050000000000000003, 0.34251688973371819), (0.059999999999999998, 0.2696541594299588), (0.070000000000000007, 0.081970230245293527), (0.080000000000000002, 0.25600943061172154), (0.089999999999999997, 0.25018087605143768), ...], length=100, 'pk': 'ts-30'} db:one:ts
[[[[[[[[[[[STATS]]]]]]]]]]]] ts-30 {'ts': [(0.0, 0.025590821619364768), (0.01, 0.097645163696877119), (0.02, 0.11298850163374917), (0.029999999999999999, 0.082646826857588715), (0.040000000000000001, 0.061005787794672778), (0.050000000000000003, 0.34251688973371819), (0.059999999999999998, 0.2696541594299588), (0.070000000000000007, 0.081970230245293527), (0.080000000000000002, 0.25600943061172154), (0.089999999999999997, 0.25018087605143768), ...], length=100, 'pk': 'ts-30'} None
S> connection lost
S> connection made
S>response {'status': <TSDBStatus.OK: 0>, 'op': 'upsert_meta', 'payload': None}
S> connection lost
S> connection made
S>response {'status': <TSDBStatus.OK: 0>, 'op': 'insert_ts', 'payload': None}
[[[[[[[[[[[JUNKY]]]]]]]]]]]] ts-39 {'ts': [(0.0, 0.3923245205306834), (0.01, 0.35717587402700934), (0.02, 0.533678705969309), (0.029999999999999999, 0.52872278018085195), (0.040000000000000001, 0.6124506684027744), (0.050000000000000003, 0.58636244838783691), (0.059999999999999998, 0.66228254299998601), (0.070000000000000007, 0.52018803012507409), (0.080000000000000002, 0.72132718684518116), (0.089999999999999997, 0.6588343622046311), ...], length=100, 'pk': 'ts-39'} db:one:ts
[[[[[[[[[[[STATS]]]]]]]]]]]] ts-39 {'ts': [(0.0, 0.3923245205306834), (0.01, 0.35717587402700934), (0.02, 0.533678705969309), (0.029999999999999999, 0.52872278018085195), (0.040000000000000001, 0.6124506684027744), (0.050000000000000003, 0.58636244838783691), (0.059999999999999998, 0.66228254299998601), (0.070000000000000007, 0.52018803012507409), (0.080000000000000002, 0.72132718684518116), (0.089999999999999997, 0.6588343622046311), ...], length=100, 'pk': 'ts-39'} None
S> connection lost
S> connection made
S>response {'status': <TSDBStatus.OK: 0>, 'op': 'upsert_meta', 'payload': None}
S> connection lost
S> connection made
S>response {'status': <TSDBStatus.OK: 0>, 'op': 'insert_ts', 'payload': None}
[[[[[[[[[[[JUNKY]]]]]]]]]]]] ts-43 {'ts': [(0.0, 0.11807814269060869), (0.01, 0.28533926864704423), (0.02, 0.062080124065269554), (0.029999999999999999, 0.39921533958332095), (0.040000000000000001, 0.20399190586063251), (0.050000000000000003, 0.210069814407919), (0.059999999999999998, 0.36641779413943137), (0.070000000000000007, 0.60817168691220502), (0.080000000000000002, 0.36101540731461118), (0.089999999999999997, 0.51340501587658838), ...], length=100, 'pk': 'ts-43'} db:one:ts
[[[[[[[[[[[STATS]]]]]]]]]]]] ts-43 {'ts': [(0.0, 0.11807814269060869), (0.01, 0.28533926864704423), (0.02, 0.062080124065269554), (0.029999999999999999, 0.39921533958332095), (0.040000000000000001, 0.20399190586063251), (0.050000000000000003, 0.210069814407919), (0.059999999999999998, 0.36641779413943137), (0.070000000000000007, 0.60817168691220502), (0.080000000000000002, 0.36101540731461118), (0.089999999999999997, 0.51340501587658838), ...], length=100, 'pk': 'ts-43'} None
S> connection lost
S> connection made
S>response {'status': <TSDBStatus.OK: 0>, 'op': 'upsert_meta', 'payload': None}
S> connection lost
S> connection made
S>response {'status': <TSDBStatus.OK: 0>, 'op': 'insert_ts', 'payload': None}
[[[[[[[[[[[JUNKY]]]]]]]]]]]] ts-20 {'ts': [(0.0, -0.01510305198673941), (0.01, -0.03643010664321867), (0.02, -0.038544556048458405), (0.029999999999999999, 0.22030758276400153), (0.040000000000000001, 0.057107548317960423), (0.050000000000000003, -0.077275085325794024), (0.059999999999999998, -0.2238868614488399), (0.070000000000000007, -0.25697707294210764), (0.080000000000000002, -0.082000815928596815), (0.089999999999999997, -0.11484170424771942), ...], length=100, 'pk': 'ts-20'} db:one:ts
[[[[[[[[[[[STATS]]]]]]]]]]]] ts-20 {'ts': [(0.0, -0.01510305198673941), (0.01, -0.03643010664321867), (0.02, -0.038544556048458405), (0.029999999999999999, 0.22030758276400153), (0.040000000000000001, 0.057107548317960423), (0.050000000000000003, -0.077275085325794024), (0.059999999999999998, -0.2238868614488399), (0.070000000000000007, -0.25697707294210764), (0.080000000000000002, -0.082000815928596815), (0.089999999999999997, -0.11484170424771942), ...], length=100, 'pk': 'ts-20'} None
S> connection lost
S> connection made
S>response {'status': <TSDBStatus.OK: 0>, 'op': 'upsert_meta', 'payload': None}
S> connection lost
S> connection made
S>response {'status': <TSDBStatus.OK: 0>, 'op': 'insert_ts', 'payload': None}
[[[[[[[[[[[JUNKY]]]]]]]]]]]] ts-28 {'ts': [(0.0, 1.8772672459799231), (0.01, 1.9852281870163984), (0.02, 1.8976302347211451), (0.029999999999999999, 2.0495877321555662), (0.040000000000000001, 2.144361417376961), (0.050000000000000003, 2.1139300588729752), (0.059999999999999998, 2.1661522282054908), (0.070000000000000007, 2.0938496409464067), (0.080000000000000002, 2.089165415934604), (0.089999999999999997, 2.297358916516627), ...], length=100, 'pk': 'ts-28'} db:one:ts
[[[[[[[[[[[STATS]]]]]]]]]]]] ts-28 {'ts': [(0.0, 1.8772672459799231), (0.01, 1.9852281870163984), (0.02, 1.8976302347211451), (0.029999999999999999, 2.0495877321555662), (0.040000000000000001, 2.144361417376961), (0.050000000000000003, 2.1139300588729752), (0.059999999999999998, 2.1661522282054908), (0.070000000000000007, 2.0938496409464067), (0.080000000000000002, 2.089165415934604), (0.089999999999999997, 2.297358916516627), ...], length=100, 'pk': 'ts-28'} None
S> connection lost
S> connection made
S>response {'status': <TSDBStatus.OK: 0>, 'op': 'upsert_meta', 'payload': None}
S> connection lost
S> connection made
S>response {'status': <TSDBStatus.OK: 0>, 'op': 'insert_ts', 'payload': None}
[[[[[[[[[[[JUNKY]]]]]]]]]]]] ts-32 {'ts': [(0.0, 2.4482862408690131), (0.01, 2.5474848052362211), (0.02, 2.628816190060661), (0.029999999999999999, 2.6663720731526652), (0.040000000000000001, 2.8252826418360182), (0.050000000000000003, 2.7604520476102374), (0.059999999999999998, 2.8242783106066325), (0.070000000000000007, 2.7192414984691964), (0.080000000000000002, 2.8491092585121853), (0.089999999999999997, 2.7428466218134067), ...], length=100, 'pk': 'ts-32'} db:one:ts
[[[[[[[[[[[STATS]]]]]]]]]]]] ts-32 {'ts': [(0.0, 2.4482862408690131), (0.01, 2.5474848052362211), (0.02, 2.628816190060661), (0.029999999999999999, 2.6663720731526652), (0.040000000000000001, 2.8252826418360182), (0.050000000000000003, 2.7604520476102374), (0.059999999999999998, 2.8242783106066325), (0.070000000000000007, 2.7192414984691964), (0.080000000000000002, 2.8491092585121853), (0.089999999999999997, 2.7428466218134067), ...], length=100, 'pk': 'ts-32'} None
S> connection lost
S> connection made
S>response {'status': <TSDBStatus.OK: 0>, 'op': 'upsert_meta', 'payload': None}
S> connection lost
S> connection made
S>response {'status': <TSDBStatus.OK: 0>, 'op': 'insert_ts', 'payload': None}
[[[[[[[[[[[JUNKY]]]]]]]]]]]] ts-48 {'ts': [(0.0, 0.0081782748969198207), (0.01, 0.048215760931842537), (0.02, -0.083996128647458881), (0.029999999999999999, 0.23586308796831551), (0.040000000000000001, -0.08361701604835757), (0.050000000000000003, -0.0019704469772627055), (0.059999999999999998, -0.10055252248705202), (0.070000000000000007, 0.26738325626910731), (0.080000000000000002, 0.015137249508909245), (0.089999999999999997, 0.19847240401264471), ...], length=100, 'pk': 'ts-48'} db:one:ts
[[[[[[[[[[[STATS]]]]]]]]]]]] ts-48 {'ts': [(0.0, 0.0081782748969198207), (0.01, 0.048215760931842537), (0.02, -0.083996128647458881), (0.029999999999999999, 0.23586308796831551), (0.040000000000000001, -0.08361701604835757), (0.050000000000000003, -0.0019704469772627055), (0.059999999999999998, -0.10055252248705202), (0.070000000000000007, 0.26738325626910731), (0.080000000000000002, 0.015137249508909245), (0.089999999999999997, 0.19847240401264471), ...], length=100, 'pk': 'ts-48'} None
S> connection lost
S> connection made
S>response {'status': <TSDBStatus.OK: 0>, 'op': 'upsert_meta', 'payload': None}
S> connection lost
S> connection made
S>response {'status': <TSDBStatus.OK: 0>, 'op': 'insert_ts', 'payload': None}
[[[[[[[[[[[JUNKY]]]]]]]]]]]] ts-9 {'ts': [(0.0, 1.9524557294578435), (0.01, 2.1794603255794462), (0.02, 1.8875044355504582), (0.029999999999999999, 2.0992840259525463), (0.040000000000000001, 2.0062738646265856), (0.050000000000000003, 2.1941144034635434), (0.059999999999999998, 2.0911806723790853), (0.070000000000000007, 1.9661670513968299), (0.080000000000000002, 1.8351211414358324), (0.089999999999999997, 2.1277261688747284), ...], length=100, 'pk': 'ts-9'} db:one:ts
[[[[[[[[[[[STATS]]]]]]]]]]]] ts-9 {'ts': [(0.0, 1.9524557294578435), (0.01, 2.1794603255794462), (0.02, 1.8875044355504582), (0.029999999999999999, 2.0992840259525463), (0.040000000000000001, 2.0062738646265856), (0.050000000000000003, 2.1941144034635434), (0.059999999999999998, 2.0911806723790853), (0.070000000000000007, 1.9661670513968299), (0.080000000000000002, 1.8351211414358324), (0.089999999999999997, 2.1277261688747284), ...], length=100, 'pk': 'ts-9'} None
S> connection lost
S> connection made
S>response {'status': <TSDBStatus.OK: 0>, 'op': 'upsert_meta', 'payload': None}
S> connection lost
S> connection made
S>response {'status': <TSDBStatus.OK: 0>, 'op': 'insert_ts', 'payload': None}
[[[[[[[[[[[JUNKY]]]]]]]]]]]] ts-10 {'ts': [(0.0, 2.0358218015263367), (0.01, 2.0644196851883065), (0.02, 2.2457809967809448), (0.029999999999999999, 2.387814586424382), (0.040000000000000001, 2.2481612469654828), (0.050000000000000003, 2.530218079688022), (0.059999999999999998, 2.5164841476794044), (0.070000000000000007, 2.8031591229949671), (0.080000000000000002, 2.717446420419412), (0.089999999999999997, 2.8650949933089884), ...], length=100, 'pk': 'ts-10'} db:one:ts
[[[[[[[[[[[STATS]]]]]]]]]]]] ts-10 {'ts': [(0.0, 2.0358218015263367), (0.01, 2.0644196851883065), (0.02, 2.2457809967809448), (0.029999999999999999, 2.387814586424382), (0.040000000000000001, 2.2481612469654828), (0.050000000000000003, 2.530218079688022), (0.059999999999999998, 2.5164841476794044), (0.070000000000000007, 2.8031591229949671), (0.080000000000000002, 2.717446420419412), (0.089999999999999997, 2.8650949933089884), ...], length=100, 'pk': 'ts-10'} None
S> connection lost
S> connection made
S>response {'status': <TSDBStatus.OK: 0>, 'op': 'upsert_meta', 'payload': None}
S> connection lost
S> connection made
S>response {'status': <TSDBStatus.OK: 0>, 'op': 'insert_ts', 'payload': None}
[[[[[[[[[[[JUNKY]]]]]]]]]]]] ts-41 {'ts': [(0.0, 0.84179188353576284), (0.01, 0.85376196057487275), (0.02, 0.85089765570037079), (0.029999999999999999, 1.1659139338389299), (0.040000000000000001, 0.98458307451691252), (0.050000000000000003, 1.034342305556172), (0.059999999999999998, 0.79001369666943178), (0.070000000000000007, 1.1413903550629947), (0.080000000000000002, 1.2297579214688681), (0.089999999999999997, 1.2351045104584879), ...], length=100, 'pk': 'ts-41'} db:one:ts
[[[[[[[[[[[STATS]]]]]]]]]]]] ts-41 {'ts': [(0.0, 0.84179188353576284), (0.01, 0.85376196057487275), (0.02, 0.85089765570037079), (0.029999999999999999, 1.1659139338389299), (0.040000000000000001, 0.98458307451691252), (0.050000000000000003, 1.034342305556172), (0.059999999999999998, 0.79001369666943178), (0.070000000000000007, 1.1413903550629947), (0.080000000000000002, 1.2297579214688681), (0.089999999999999997, 1.2351045104584879), ...], length=100, 'pk': 'ts-41'} None
S> connection lost
S> connection made
S>response {'status': <TSDBStatus.OK: 0>, 'op': 'upsert_meta', 'payload': None}
S> connection lost
S> connection made
S>response {'status': <TSDBStatus.OK: 0>, 'op': 'insert_ts', 'payload': None}
[[[[[[[[[[[JUNKY]]]]]]]]]]]] ts-11 {'ts': [(0.0, 0.40889557078661604), (0.01, 0.46106663265472392), (0.02, 0.21366502219448047), (0.029999999999999999, 0.63203367744316785), (0.040000000000000001, 0.78871553367522784), (0.050000000000000003, 0.56531388848103903), (0.059999999999999998, 0.75795320388739984), (0.070000000000000007, 0.7274045172693), (0.080000000000000002, 1.0892125584404952), (0.089999999999999997, 0.99462785576004198), ...], length=100, 'pk': 'ts-11'} db:one:ts
[[[[[[[[[[[STATS]]]]]]]]]]]] ts-11 {'ts': [(0.0, 0.40889557078661604), (0.01, 0.46106663265472392), (0.02, 0.21366502219448047), (0.029999999999999999, 0.63203367744316785), (0.040000000000000001, 0.78871553367522784), (0.050000000000000003, 0.56531388848103903), (0.059999999999999998, 0.75795320388739984), (0.070000000000000007, 0.7274045172693), (0.080000000000000002, 1.0892125584404952), (0.089999999999999997, 0.99462785576004198), ...], length=100, 'pk': 'ts-11'} None
S> connection lost
S> connection made
S>response {'status': <TSDBStatus.OK: 0>, 'op': 'upsert_meta', 'payload': None}
S> connection lost
S> connection made
S>response {'status': <TSDBStatus.OK: 0>, 'op': 'insert_ts', 'payload': None}
[[[[[[[[[[[JUNKY]]]]]]]]]]]] ts-13 {'ts': [(0.0, 0.59403311751999288), (0.01, 0.71863291968475229), (0.02, 0.95947948748480838), (0.029999999999999999, 1.1109546341126535), (0.040000000000000001, 0.87375970881340392), (0.050000000000000003, 0.73696209487319053), (0.059999999999999998, 1.194991421850339), (0.070000000000000007, 1.2284184322979601), (0.080000000000000002, 1.1422111596115325), (0.089999999999999997, 1.1645076371022334), ...], length=100, 'pk': 'ts-13'} db:one:ts
[[[[[[[[[[[STATS]]]]]]]]]]]] ts-13 {'ts': [(0.0, 0.59403311751999288), (0.01, 0.71863291968475229), (0.02, 0.95947948748480838), (0.029999999999999999, 1.1109546341126535), (0.040000000000000001, 0.87375970881340392), (0.050000000000000003, 0.73696209487319053), (0.059999999999999998, 1.194991421850339), (0.070000000000000007, 1.2284184322979601), (0.080000000000000002, 1.1422111596115325), (0.089999999999999997, 1.1645076371022334), ...], length=100, 'pk': 'ts-13'} None
S> connection lost
S> connection made
S>response {'status': <TSDBStatus.OK: 0>, 'op': 'upsert_meta', 'payload': None}
S> connection lost
S> connection made
S>response {'status': <TSDBStatus.OK: 0>, 'op': 'insert_ts', 'payload': None}
[[[[[[[[[[[JUNKY]]]]]]]]]]]] ts-26 {'ts': [(0.0, 0.60556222840891072), (0.01, 0.68052010310042754), (0.02, 0.81921694846418358), (0.029999999999999999, 0.81641296887433223), (0.040000000000000001, 0.75324076718742417), (0.050000000000000003, 0.71237151559888123), (0.059999999999999998, 0.88550081052261143), (0.070000000000000007, 0.87214712151394391), (0.080000000000000002, 0.84272567489885175), (0.089999999999999997, 0.87206151407670984), ...], length=100, 'pk': 'ts-26'} db:one:ts
[[[[[[[[[[[STATS]]]]]]]]]]]] ts-26 {'ts': [(0.0, 0.60556222840891072), (0.01, 0.68052010310042754), (0.02, 0.81921694846418358), (0.029999999999999999, 0.81641296887433223), (0.040000000000000001, 0.75324076718742417), (0.050000000000000003, 0.71237151559888123), (0.059999999999999998, 0.88550081052261143), (0.070000000000000007, 0.87214712151394391), (0.080000000000000002, 0.84272567489885175), (0.089999999999999997, 0.87206151407670984), ...], length=100, 'pk': 'ts-26'} None
S> connection lost
S> connection made
S>response {'status': <TSDBStatus.OK: 0>, 'op': 'upsert_meta', 'payload': None}
S> connection lost
S> connection made
S>response {'status': <TSDBStatus.OK: 0>, 'op': 'insert_ts', 'payload': None}
[[[[[[[[[[[JUNKY]]]]]]]]]]]] ts-23 {'ts': [(0.0, 0.21911535631271323), (0.01, 0.24644420174601495), (0.02, 0.53500989078843175), (0.029999999999999999, 0.24687119953073863), (0.040000000000000001, 0.26161529597749317), (0.050000000000000003, 0.44119731350162456), (0.059999999999999998, 0.61118395142415705), (0.070000000000000007, 0.53678259709696363), (0.080000000000000002, 0.66266397507317221), (0.089999999999999997, 0.74131538918187956), ...], length=100, 'pk': 'ts-23'} db:one:ts
[[[[[[[[[[[STATS]]]]]]]]]]]] ts-23 {'ts': [(0.0, 0.21911535631271323), (0.01, 0.24644420174601495), (0.02, 0.53500989078843175), (0.029999999999999999, 0.24687119953073863), (0.040000000000000001, 0.26161529597749317), (0.050000000000000003, 0.44119731350162456), (0.059999999999999998, 0.61118395142415705), (0.070000000000000007, 0.53678259709696363), (0.080000000000000002, 0.66266397507317221), (0.089999999999999997, 0.74131538918187956), ...], length=100, 'pk': 'ts-23'} None
S> connection lost
S> connection made
S>response {'status': <TSDBStatus.OK: 0>, 'op': 'upsert_meta', 'payload': None}
S> connection lost
S> connection made
S>response {'status': <TSDBStatus.OK: 0>, 'op': 'insert_ts', 'payload': None}
[[[[[[[[[[[JUNKY]]]]]]]]]]]] ts-8 {'ts': [(0.0, 0.41460738481478476), (0.01, 0.54388412085550508), (0.02, 0.46913937779586862), (0.029999999999999999, 0.51220854857016263), (0.040000000000000001, 0.61776715833379192), (0.050000000000000003, 0.5554486428920995), (0.059999999999999998, 0.62911275346133333), (0.070000000000000007, 0.45450079738832561), (0.080000000000000002, 0.54759154749978833), (0.089999999999999997, 0.54973598472666507), ...], length=100, 'pk': 'ts-8'} db:one:ts
[[[[[[[[[[[STATS]]]]]]]]]]]] ts-8 {'ts': [(0.0, 0.41460738481478476), (0.01, 0.54388412085550508), (0.02, 0.46913937779586862), (0.029999999999999999, 0.51220854857016263), (0.040000000000000001, 0.61776715833379192), (0.050000000000000003, 0.5554486428920995), (0.059999999999999998, 0.62911275346133333), (0.070000000000000007, 0.45450079738832561), (0.080000000000000002, 0.54759154749978833), (0.089999999999999997, 0.54973598472666507), ...], length=100, 'pk': 'ts-8'} None
S> connection lost
S> connection made
S>response {'status': <TSDBStatus.OK: 0>, 'op': 'upsert_meta', 'payload': None}
S> connection lost
S> connection made
S>response {'status': <TSDBStatus.OK: 0>, 'op': 'insert_ts', 'payload': None}
[[[[[[[[[[[JUNKY]]]]]]]]]]]] ts-36 {'ts': [(0.0, -0.077841100630715421), (0.01, -0.081152483052353355), (0.02, -0.26104531342591769), (0.029999999999999999, -0.079126295759266274), (0.040000000000000001, 0.059771904497057264), (0.050000000000000003, 0.013869535933704668), (0.059999999999999998, 0.028846370121872564), (0.070000000000000007, 0.15704634412886481), (0.080000000000000002, 0.0038021585417288839), (0.089999999999999997, 0.24744964448262433), ...], length=100, 'pk': 'ts-36'} db:one:ts
[[[[[[[[[[[STATS]]]]]]]]]]]] ts-36 {'ts': [(0.0, -0.077841100630715421), (0.01, -0.081152483052353355), (0.02, -0.26104531342591769), (0.029999999999999999, -0.079126295759266274), (0.040000000000000001, 0.059771904497057264), (0.050000000000000003, 0.013869535933704668), (0.059999999999999998, 0.028846370121872564), (0.070000000000000007, 0.15704634412886481), (0.080000000000000002, 0.0038021585417288839), (0.089999999999999997, 0.24744964448262433), ...], length=100, 'pk': 'ts-36'} None
S> connection lost
S> connection made
S>response {'status': <TSDBStatus.OK: 0>, 'op': 'upsert_meta', 'payload': None}
S> connection lost
S> connection made
S>response {'status': <TSDBStatus.OK: 0>, 'op': 'insert_ts', 'payload': None}
[[[[[[[[[[[JUNKY]]]]]]]]]]]] ts-4 {'ts': [(0.0, 0.19167653445644822), (0.01, 0.25366990913046417), (0.02, 0.49635293445393042), (0.029999999999999999, 0.50626576808801371), (0.040000000000000001, 0.56755871365727506), (0.050000000000000003, 0.47725399967875204), (0.059999999999999998, 0.86742899455801603), (0.070000000000000007, 1.0302979042194735), (0.080000000000000002, 0.87247105728329888), (0.089999999999999997, 1.0427821325194435), ...], length=100, 'pk': 'ts-4'} db:one:ts
[[[[[[[[[[[STATS]]]]]]]]]]]] ts-4 {'ts': [(0.0, 0.19167653445644822), (0.01, 0.25366990913046417), (0.02, 0.49635293445393042), (0.029999999999999999, 0.50626576808801371), (0.040000000000000001, 0.56755871365727506), (0.050000000000000003, 0.47725399967875204), (0.059999999999999998, 0.86742899455801603), (0.070000000000000007, 1.0302979042194735), (0.080000000000000002, 0.87247105728329888), (0.089999999999999997, 1.0427821325194435), ...], length=100, 'pk': 'ts-4'} None
S> connection lost
S> connection made
S>response {'status': <TSDBStatus.OK: 0>, 'op': 'upsert_meta', 'payload': None}
S> connection lost
S> connection made
S>response {'status': <TSDBStatus.OK: 0>, 'op': 'insert_ts', 'payload': None}
[[[[[[[[[[[JUNKY]]]]]]]]]]]] ts-38 {'ts': [(0.0, 0.10461125838784645), (0.01, -0.020262862788748601), (0.02, 0.15789808915993842), (0.029999999999999999, 0.0060099800176250801), (0.040000000000000001, 0.099770369785466509), (0.050000000000000003, 0.12382257878499048), (0.059999999999999998, 0.30128844999112264), (0.070000000000000007, 0.15001558037587787), (0.080000000000000002, 0.085228307382135826), (0.089999999999999997, 0.43684822371374449), ...], length=100, 'pk': 'ts-38'} db:one:ts
[[[[[[[[[[[STATS]]]]]]]]]]]] ts-38 {'ts': [(0.0, 0.10461125838784645), (0.01, -0.020262862788748601), (0.02, 0.15789808915993842), (0.029999999999999999, 0.0060099800176250801), (0.040000000000000001, 0.099770369785466509), (0.050000000000000003, 0.12382257878499048), (0.059999999999999998, 0.30128844999112264), (0.070000000000000007, 0.15001558037587787), (0.080000000000000002, 0.085228307382135826), (0.089999999999999997, 0.43684822371374449), ...], length=100, 'pk': 'ts-38'} None
S> connection lost
S> connection made
S>response {'status': <TSDBStatus.OK: 0>, 'op': 'upsert_meta', 'payload': None}
S> connection lost
S> connection made
S>response {'status': <TSDBStatus.OK: 0>, 'op': 'insert_ts', 'payload': None}
[[[[[[[[[[[JUNKY]]]]]]]]]]]] ts-15 {'ts': [(0.0, 0.66872979342135608), (0.01, 0.3855577104176881), (0.02, 0.45926256066476767), (0.029999999999999999, 0.49364383689295699), (0.040000000000000001, 0.49233055545247584), (0.050000000000000003, 0.46965742166937852), (0.059999999999999998, 0.34660421351442888), (0.070000000000000007, 0.67469805963795781), (0.080000000000000002, 0.44599305499189901), (0.089999999999999997, 0.59081216408580928), ...], length=100, 'pk': 'ts-15'} db:one:ts
[[[[[[[[[[[STATS]]]]]]]]]]]] ts-15 {'ts': [(0.0, 0.66872979342135608), (0.01, 0.3855577104176881), (0.02, 0.45926256066476767), (0.029999999999999999, 0.49364383689295699), (0.040000000000000001, 0.49233055545247584), (0.050000000000000003, 0.46965742166937852), (0.059999999999999998, 0.34660421351442888), (0.070000000000000007, 0.67469805963795781), (0.080000000000000002, 0.44599305499189901), (0.089999999999999997, 0.59081216408580928), ...], length=100, 'pk': 'ts-15'} None
S> connection lost
S> connection made
S>response {'status': <TSDBStatus.OK: 0>, 'op': 'upsert_meta', 'payload': None}
S> connection lost
S> connection made
S>response {'status': <TSDBStatus.OK: 0>, 'op': 'insert_ts', 'payload': None}
[[[[[[[[[[[JUNKY]]]]]]]]]]]] ts-44 {'ts': [(0.0, 0.33513658245464506), (0.01, 0.053471569067106386), (0.02, 0.11217566348350949), (0.029999999999999999, 0.17096066498129525), (0.040000000000000001, 0.13422719982575759), (0.050000000000000003, 0.16428753443961536), (0.059999999999999998, 0.049807642852770229), (0.070000000000000007, 0.035874540223396853), (0.080000000000000002, 0.060769309034289967), (0.089999999999999997, 0.27119381207448268), ...], length=100, 'pk': 'ts-44'} db:one:ts
[[[[[[[[[[[STATS]]]]]]]]]]]] ts-44 {'ts': [(0.0, 0.33513658245464506), (0.01, 0.053471569067106386), (0.02, 0.11217566348350949), (0.029999999999999999, 0.17096066498129525), (0.040000000000000001, 0.13422719982575759), (0.050000000000000003, 0.16428753443961536), (0.059999999999999998, 0.049807642852770229), (0.070000000000000007, 0.035874540223396853), (0.080000000000000002, 0.060769309034289967), (0.089999999999999997, 0.27119381207448268), ...], length=100, 'pk': 'ts-44'} None
S> connection lost
S> connection made
S>response {'status': <TSDBStatus.OK: 0>, 'op': 'upsert_meta', 'payload': None}
S> connection lost
S> connection made
S>response {'status': <TSDBStatus.OK: 0>, 'op': 'insert_ts', 'payload': None}
[[[[[[[[[[[JUNKY]]]]]]]]]]]] ts-24 {'ts': [(0.0, 0.69415422998120602), (0.01, 0.92903872813216715), (0.02, 0.82431518606593002), (0.029999999999999999, 0.89072630000568698), (0.040000000000000001, 1.0926458036490307), (0.050000000000000003, 0.93082105721896646), (0.059999999999999998, 1.2494400449104339), (0.070000000000000007, 1.0345038079894044), (0.080000000000000002, 0.89633607518528369), (0.089999999999999997, 1.0396041666938229), ...], length=100, 'pk': 'ts-24'} db:one:ts
[[[[[[[[[[[STATS]]]]]]]]]]]] ts-24 {'ts': [(0.0, 0.69415422998120602), (0.01, 0.92903872813216715), (0.02, 0.82431518606593002), (0.029999999999999999, 0.89072630000568698), (0.040000000000000001, 1.0926458036490307), (0.050000000000000003, 0.93082105721896646), (0.059999999999999998, 1.2494400449104339), (0.070000000000000007, 1.0345038079894044), (0.080000000000000002, 0.89633607518528369), (0.089999999999999997, 1.0396041666938229), ...], length=100, 'pk': 'ts-24'} None
S> connection lost
S> connection made
S>response {'status': <TSDBStatus.OK: 0>, 'op': 'upsert_meta', 'payload': None}
S> connection lost
S> connection made
S>response {'status': <TSDBStatus.OK: 0>, 'op': 'insert_ts', 'payload': None}
[[[[[[[[[[[JUNKY]]]]]]]]]]]] ts-12 {'ts': [(0.0, 1.1995965945400202), (0.01, 0.80677477331848924), (0.02, 0.73128608037729137), (0.029999999999999999, 0.73960217170068554), (0.040000000000000001, 0.74265931204224522), (0.050000000000000003, 1.0325359802083529), (0.059999999999999998, 1.0168479865957136), (0.070000000000000007, 0.92569435639276498), (0.080000000000000002, 0.68948507044851504), (0.089999999999999997, 1.070708365293122), ...], length=100, 'pk': 'ts-12'} db:one:ts
[[[[[[[[[[[STATS]]]]]]]]]]]] ts-12 {'ts': [(0.0, 1.1995965945400202), (0.01, 0.80677477331848924), (0.02, 0.73128608037729137), (0.029999999999999999, 0.73960217170068554), (0.040000000000000001, 0.74265931204224522), (0.050000000000000003, 1.0325359802083529), (0.059999999999999998, 1.0168479865957136), (0.070000000000000007, 0.92569435639276498), (0.080000000000000002, 0.68948507044851504), (0.089999999999999997, 1.070708365293122), ...], length=100, 'pk': 'ts-12'} None
S> connection lost
S> connection made
S>response {'status': <TSDBStatus.OK: 0>, 'op': 'upsert_meta', 'payload': None}
S> connection lost
S> connection made
S>response {'status': <TSDBStatus.OK: 0>, 'op': 'select', 'payload': OrderedDict([('ts-18', {}), ('ts-15', {}), ('ts-46', {}), ('ts-35', {}), ('ts-39', {}), ('ts-1', {}), ('ts-21', {}), ('ts-17', {}), ('ts-9', {}), ('ts-10', {}), ('ts-41', {}), ('ts-28', {}), ('ts-22', {}), ('ts-45', {}), ('ts-6', {}), ('ts-7', {}), ('ts-11', {}), ('ts-33', {}), ('ts-5', {}), ('ts-25', {}), ('ts-3', {}), ('ts-40', {}), ('ts-38', {}), ('ts-37', {}), ('ts-19', {}), ('ts-27', {}), ('ts-49', {}), ('ts-12', {}), ('ts-29', {}), ('ts-42', {}), ('ts-14', {}), ('ts-0', {}), ('ts-24', {}), ('ts-4', {}), ('ts-2', {}), ('ts-32', {}), ('ts-30', {}), ('ts-43', {}), ('ts-8', {}), ('ts-48', {}), ('ts-23', {}), ('ts-47', {}), ('ts-44', {}), ('ts-20', {}), ('ts-36', {}), ('ts-26', {}), ('ts-31', {}), ('ts-13', {}), ('ts-34', {}), ('ts-16', {})])}
S> connection lost
S> connection made
S>response {'status': <TSDBStatus.OK: 0>, 'op': 'select', 'payload': OrderedDict([('ts-41', {}), ('ts-7', {}), ('ts-29', {}), ('ts-33', {}), ('ts-9', {}), ('ts-18', {}), ('ts-32', {}), ('ts-44', {}), ('ts-46', {}), ('ts-10', {}), ('ts-14', {}), ('ts-20', {}), ('ts-49', {}), ('ts-8', {}), ('ts-13', {}), ('ts-16', {}), ('ts-26', {}), ('ts-30', {}), ('ts-35', {}), ('ts-39', {}), ('ts-42', {}), ('ts-21', {}), ('ts-36', {}), ('ts-4', {}), ('ts-43', {}), ('ts-11', {}), ('ts-12', {}), ('ts-23', {}), ('ts-25', {}), ('ts-3', {}), ('ts-47', {}), ('ts-38', {}), ('ts-48', {}), ('ts-15', {}), ('ts-17', {}), ('ts-2', {}), ('ts-24', {}), ('ts-27', {}), ('ts-40', {}), ('ts-45', {}), ('ts-1', {}), ('ts-19', {}), ('ts-28', {}), ('ts-31', {}), ('ts-37', {}), ('ts-5', {}), ('ts-6', {}), ('ts-0', {}), ('ts-22', {}), ('ts-34', {})])}
S> connection lost
S> connection made
S>response {'status': <TSDBStatus.OK: 0>, 'op': 'select', 'payload': OrderedDict([('ts-18', {'order': 3}), ('ts-15', {'order': -3}), ('ts-46', {'order': 3}), ('ts-35', {'order': 1}), ('ts-39', {'order': 1}), ('ts-1', {'order': -4}), ('ts-21', {'order': 0}), ('ts-17', {'order': -3}), ('ts-9', {'order': 4}), ('ts-10', {'order': 2}), ('ts-41', {'order': 5}), ('ts-28', {'order': -4}), ('ts-22', {'order': -5}), ('ts-45', {'order': -3}), ('ts-6', {'order': -4}), ('ts-7', {'order': 5}), ('ts-11', {'order': -1}), ('ts-33', {'order': 4}), ('ts-5', {'order': -4}), ('ts-25', {'order': -1}), ('ts-3', {'order': -1}), ('ts-40', {'order': -3}), ('ts-38', {'order': -2}), ('ts-37', {'order': -4}), ('ts-19', {'order': -4}), ('ts-27', {'order': -3}), ('ts-49', {'order': 2}), ('ts-12', {'order': -1}), ('ts-29', {'order': 4}), ('ts-42', {'order': 1}), ('ts-14', {'order': 2}), ('ts-0', {'order': -5}), ('ts-24', {'order': -3}), ('ts-4', {'order': 0}), ('ts-2', {'order': -3}), ('ts-32', {'order': 3}), ('ts-30', {'order': 1}), ('ts-43', {'order': 0}), ('ts-8', {'order': 2}), ('ts-48', {'order': -2}), ('ts-23', {'order': -1}), ('ts-47', {'order': -1}), ('ts-44', {'order': 3}), ('ts-20', {'order': 2}), ('ts-36', {'order': 0}), ('ts-26', {'order': 1}), ('ts-31', {'order': -4}), ('ts-13', {'order': 1}), ('ts-34', {'order': -5}), ('ts-16', {'order': 1})])}
S> connection lost
S> connection made
S>response {'status': <TSDBStatus.OK: 0>, 'op': 'select', 'payload': OrderedDict([('ts-18', {'blarg': 1, 'order': 3, 'd_vp-3': (0.075824379485953469+1.2854514581697578e-14j), 'd_vp-1': (1.0077132024560007-6.0020161155877779e-16j), 'vp': True, 'd_vp-0': (0.43810014474636666-7.663265949171624e-16j), 'd_vp-4': (0.065746183005247066-6.504048014545213e-15j), 'pk': 'ts-18', 'std': 1.2789612564862918, 'd_vp-2': 0j, 'mean': 0.99169169738144147}), ('ts-15', {'blarg': 2, 'order': -3, 'pk': 'ts-15', 'd_vp-1': (0.52619432394366794-7.5273963837802777e-16j), 'vp': False, 'd_vp-0': (0.67810966324767363-8.3715790924925262e-17j), 'd_vp-4': (0.90088901621076412-1.9207090863625288e-16j), 'd_vp-2': (0.90875357866620821-7.3007033145010619e-16j), 'd_vp-3': (0.93005069206940527-4.2275101601031362e-16j)}), ('ts-46', {'blarg': 1, 'order': 3, 'd_vp-3': (0.99952249614446731-5.8695682189461676e-16j), 'd_vp-1': (0.6213767103897383-8.619171955935582e-16j), 'vp': False, 'd_vp-0': (0.75779175436844548-9.9621701990784743e-16j), 'd_vp-4': (0.97512154825426467-7.8415664454159048e-16j), 'pk': 'ts-46', 'std': 0.37806144945916642, 'd_vp-2': (0.9843844584058522-8.6891187728615086e-16j), 'mean': 0.84823439995279637}), ('ts-35', {'blarg': 1, 'order': 1, 'd_vp-3': (0.27292399083559504+2.435021789139154e-16j), 'd_vp-1': (1.0375360225628707-7.0666482967426252e-16j), 'vp': False, 'd_vp-0': (0.48136628904141254-6.0500774409780715e-16j), 'd_vp-4': (0.27023351052226136-7.0216004243383976e-16j), 'pk': 'ts-35', 'std': 1.2159514453992077, 'd_vp-2': (0.25700465802372796+1.1225557018682351e-15j), 'mean': 0.87660374586189604}), ('ts-39', {'blarg': 1, 'order': 1, 'd_vp-3': (0.96512351626898596-6.5139991027781e-16j), 'd_vp-1': (0.45587333574480998-1.5293202529289515e-15j), 'vp': False, 'd_vp-0': (0.69897590825182954-5.7596407369824003e-16j), 'd_vp-4': (0.93593698375452528-6.6689095841313302e-16j), 'pk': 'ts-39', 'std': 0.25243630800112699, 'd_vp-2': (0.94355291942529296-9.3008358113655832e-16j), 'mean': 0.83813923028514059}), ('ts-1', {'blarg': 1, 'order': -4, 'd_vp-3': (0.39877204568931363+1.2367236091077065e-15j), 'd_vp-1': (0.94500572403620153-7.1045199747724656e-16j), 'vp': False, 'd_vp-0': (0.2798640083191602-1.1597371677625249e-15j), 'd_vp-4': (0.36892189551883436-2.4870267091113422e-15j), 'pk': 'ts-1', 'std': 1.0427287979782074, 'd_vp-2': (0.37440661337966935-1.6006606660046914e-15j), 'mean': 0.88756664288846865}), ('ts-21', {'blarg': 1, 'order': 0, 'd_vp-3': (0.85612420169042847-1.5478373796521985e-15j), 'd_vp-1': (1.1837644675781867-7.5430402463233463e-16j), 'vp': False, 'd_vp-0': (1.0399587893645277-1.1290693317955574e-15j), 'd_vp-4': (0.86978766646379402-1.1838203705718424e-15j), 'pk': 'ts-21', 'std': 1.3140940716046112, 'd_vp-2': (0.86282861716633552-9.6116369586105918e-16j), 'mean': 0.5628278019227384}), ('ts-17', {'blarg': 1, 'order': -3, 'd_vp-3': (0.059292350251663545+1.3347822676689841e-14j), 'd_vp-1': (1.0270315839984996-6.9260907642380242e-16j), 'vp': False, 'd_vp-0': (0.46599259101279278-3.6990786563152262e-16j), 'd_vp-4': (0.087166777787708566-7.2016012529795504e-15j), 'pk': 'ts-17', 'std': 1.3640257171273875, 'd_vp-2': (0.082181798153227612-8.9465277143890827e-15j), 'mean': 0.98259243982492672}), ('ts-9', {'blarg': 2, 'order': 4, 'd_vp-3': (0.52048703295602672-5.420204982623166e-17j), 'd_vp-1': (1.0121221329398697-6.7275278170026477e-16j), 'vp': False, 'd_vp-0': (0.57083249579182105-6.6196171178248367e-16j), 'd_vp-4': (0.50637586023510195+1.9153881840978683e-17j), 'pk': 'ts-9', 'std': 0.76680107918188545, 'd_vp-2': (0.49283655976290675+2.5850931025385441e-16j), 'mean': 0.60977247454639039}), ('ts-10', {'blarg': 2, 'order': 2, 'd_vp-3': (0.35603408308819201-2.8842667453034263e-16j), 'd_vp-1': (1.0094143702924012-6.3868745653797239e-16j), 'vp': False, 'd_vp-0': (0.46027630037466355-1.0805944326019501e-15j), 'd_vp-4': (0.33959594602948573-5.8180869186931391e-16j), 'pk': 'ts-10', 'std': 1.0701296792712538, 'd_vp-2': (0.32787435201342763+3.0166909956661584e-16j), 'mean': 0.80333635713462925}), ('ts-41', {'blarg': 2, 'order': 5, 'd_vp-3': (0.9669688743833561-7.1325357017622872e-16j), 'd_vp-1': (0.73160288879528768-1.3707002406545549e-15j), 'vp': False, 'd_vp-0': (0.74835021230597487-7.965633537892452e-16j), 'd_vp-4': (0.94574803839103416-1.0065653921940357e-15j), 'pk': 'ts-41', 'std': 0.44002120309182519, 'd_vp-2': (0.95327190583276156-1.0131098639398217e-15j), 'mean': 0.79184357684497997}), ('ts-28', {'blarg': 2, 'order': -4, 'd_vp-3': (0.51782156629378928-1.8260915344588744e-16j), 'd_vp-1': (0.99315276524206919-6.778817103430528e-16j), 'vp': False, 'd_vp-0': (0.4992200600549262-1.0443300837664824e-15j), 'd_vp-4': (0.4991705655653495-4.6343860997062484e-16j), 'pk': 'ts-28', 'std': 0.85745293045901605, 'd_vp-2': (0.49136413350363695+2.4302733011034218e-16j), 'mean': 0.71086876014618683}), ('ts-22', {'blarg': 1, 'order': -5, 'd_vp-3': (0.84071244555670421-2.4109871701607288e-16j), 'd_vp-1': (0.45510691453159396+7.5737256201259181e-17j), 'vp': False, 'd_vp-0': (0.51578101571005697+9.0266371270411409e-16j), 'd_vp-4': (0.80399793950043896-3.0509346559892875e-16j), 'pk': 'ts-22', 'std': 0.61637466529230012, 'd_vp-2': (0.81623316919833167-5.8408672098699475e-16j), 'mean': 0.91026680329389509}), ('ts-45', {'blarg': 1, 'order': -3, 'd_vp-3': (0.77869881561534882-5.6703659628181354e-16j), 'd_vp-1': (0.80541433861987977-9.1654760102097939e-16j), 'vp': False, 'd_vp-0': (0.48910570072681675-6.2532779907846625e-16j), 'd_vp-4': (0.75139494038902865-9.7032384109102644e-16j), 'pk': 'ts-45', 'std': 0.74177313337744621, 'd_vp-2': (0.76345117994601897-1.5830958706388014e-15j), 'mean': 0.88079833915864147}), ('ts-6', {'blarg': 1, 'order': -4, 'd_vp-3': (0.99586081325511655-9.4441251345975366e-17j), 'd_vp-1': (0.49961774911508533+1.3958906720618485e-15j), 'vp': False, 'd_vp-0': (0.8312022610401808+1.9849307582126663e-16j), 'd_vp-4': (0.97236442824151714-1.0343519439528604e-16j), 'pk': 'ts-6', 'std': 0.30520312550736439, 'd_vp-2': (0.97678626980022687-2.09234729068604e-16j), 'mean': 0.81543283106667663}), ('ts-7', {'blarg': 2, 'order': 5, 'd_vp-3': (0.77322713030974344-3.7510464850212913e-16j), 'd_vp-1': (0.86353117065111329-7.1040828908402457e-16j), 'vp': False, 'd_vp-0': (0.53425424345092742-7.3113496159810598e-16j), 'd_vp-4': (0.7496231003935252-9.6627170021201062e-16j), 'pk': 'ts-7', 'std': 0.63183483907688021, 'd_vp-2': (0.75488479366142169-1.0801436234446438e-15j), 'mean': 0.73909929353896797}), ('ts-11', {'blarg': 1, 'order': -1, 'd_vp-3': (0.47955510143453256-1.9879453166193673e-16j), 'd_vp-1': (0.85486656754177992-6.8963691412612677e-16j), 'vp': False, 'd_vp-0': (0.1236316046055962+2.5355392828562807e-15j), 'd_vp-4': (0.44152832511900547+8.2350183476888479e-16j), 'pk': 'ts-11', 'std': 0.99443082931669158, 'd_vp-2': (0.46787810022132226+3.0946218901026799e-16j), 'mean': 0.94650727808101209}), ('ts-33', {'blarg': 1, 'order': 4, 'd_vp-3': (0.57641626304241611+2.7296223690483121e-16j), 'd_vp-1': (0.76307005494392433-1.1466037268111983e-15j), 'vp': False, 'd_vp-0': (0.2991150992101681-1.0341148358731429e-15j), 'd_vp-4': (0.54209167100073674-6.669353640581691e-16j), 'pk': 'ts-33', 'std': 0.89530766623124469, 'd_vp-2': (0.56583610126460271-1.6053677489829407e-16j), 'mean': 0.89427875465768014}), ('ts-5', {'blarg': 1, 'order': -4, 'd_vp-3': (0.68426058627683439+3.4199694974307899e-16j), 'd_vp-1': (0.70007240326060705-1.3155755268509108e-15j), 'vp': False, 'd_vp-0': (0.4367390160812849-9.7646265738850123e-16j), 'd_vp-4': (0.65366945728264747-5.1442982857382684e-16j), 'pk': 'ts-5', 'std': 0.7961607489884539, 'd_vp-2': (0.67099673339959753-5.2283420221962315e-16j), 'mean': 0.81077261841452686}), ('ts-25', {'blarg': 2, 'order': -1, 'd_vp-3': (0.66178642974045621+4.3059923078581593e-16j), 'd_vp-1': (1.1774911631005196-7.1267611628879745e-16j), 'vp': False, 'd_vp-0': (0.93616823978677255-1.1560366613980321e-15j), 'd_vp-4': (0.68360195189253714-2.1993051783064209e-15j), 'pk': 'ts-25', 'std': 1.9075408158379441, 'd_vp-2': (0.67562772371638657-1.7319387333652949e-15j), 'mean': 0.9870362130592476}), ('ts-3', {'blarg': 2, 'order': -1, 'd_vp-3': (0.84840960831580003-4.1636967343672905e-16j), 'd_vp-1': (0.86163919393850119-7.3937930925321331e-16j), 'vp': False, 'd_vp-0': (0.67363926238554772-3.6404225589137953e-16j), 'd_vp-4': (0.82956564170384051-9.1864063998261425e-16j), 'pk': 'ts-3', 'std': 0.49970028933884092, 'd_vp-2': (0.83411787636828538-1.0599031729392533e-15j), 'mean': 0.67182311480162882}), ('ts-40', {'blarg': 1, 'order': -3, 'd_vp-3': (0.54582388668521831+1.0390071560041738e-15j), 'd_vp-1': (0.79433024585529133-1.3437220020272584e-15j), 'vp': False, 'd_vp-0': (0.32898881854714962-1.2436710409214234e-15j), 'd_vp-4': (0.51441772632851479-9.1321879877967684e-16j), 'pk': 'ts-40', 'std': 0.92106421715696007, 'd_vp-2': (0.53607214506556566-8.6929007405530707e-16j), 'mean': 0.87510398564071923}), ('ts-38', {'blarg': 1, 'order': -2, 'pk': 'ts-38', 'd_vp-1': (0.86967997320461954-7.8221465093917282e-16j), 'vp': False, 'd_vp-0': (0.096705744635562307-5.5291130309662298e-15j), 'd_vp-4': (0.3532284037140544-2.2618726448417574e-15j), 'd_vp-2': (0.37666466352809425-1.8172657252438827e-15j), 'd_vp-3': (0.39523882714413816+7.9487701240372402e-16j)}), ('ts-37', {'blarg': 2, 'order': -4, 'd_vp-3': (0.50940981270030727+1.251274655273356e-15j), 'd_vp-1': (0.82951171398758095-1.0616970480272048e-15j), 'vp': False, 'd_vp-0': (0.36717189410881979-8.2930419202712475e-16j), 'd_vp-4': (0.48165786338126215-4.1543661773883589e-16j), 'pk': 'ts-37', 'std': 0.89403557629325658, 'd_vp-2': (0.50327597527059487-9.9994723274573896e-16j), 'mean': 0.83163877934471075}), ('ts-19', {'blarg': 1, 'order': -4, 'd_vp-3': (0.91891647096504669-3.7723214461991856e-16j), 'd_vp-1': (0.32410070760835807-9.7364462701628818e-16j), 'vp': False, 'd_vp-0': (0.69826628546684355-2.150073629613865e-16j), 'd_vp-4': (0.89086327110320263-4.0895094111465553e-16j), 'pk': 'ts-19', 'std': 0.43993197703362708, 'd_vp-2': (0.90030391653276653-5.7169280788865472e-16j), 'mean': 0.76101208327314307}), ('ts-27', {'blarg': 2, 'order': -3, 'd_vp-3': (0.99178480225791776-5.9041215450673629e-16j), 'd_vp-1': (0.5855848882987269-6.6963228031091846e-16j), 'vp': False, 'd_vp-0': (0.79664089357066192-7.1007164858792726e-16j), 'd_vp-4': (0.96747439048373696-6.5638015316510313e-16j), 'pk': 'ts-27', 'std': 0.38552293087063227, 'd_vp-2': (0.97321845753978431-8.2654448565466413e-16j), 'mean': 0.86254297197086116}), ('ts-49', {'blarg': 2, 'order': 2, 'd_vp-3': (0.059509250492822345+1.0370735077985542e-14j), 'd_vp-1': (1.0013120364982375-7.0832019997038764e-16j), 'vp': True, 'd_vp-0': (0.41861683965315949-6.6717311445429569e-16j), 'd_vp-4': 0j, 'pk': 'ts-49', 'std': 1.330553835419418, 'd_vp-2': (0.065746183005247066+9.8026466870534576e-15j), 'mean': 0.98594641479397038}), ('ts-12', {'blarg': 1, 'order': -1, 'pk': 'ts-12', 'd_vp-1': (0.80530502683316529-7.1785677005070934e-16j), 'vp': False, 'd_vp-0': (0.78200550820005055-4.7762134409420142e-16j), 'd_vp-4': (0.93397455018577902-9.2816106009885264e-16j), 'd_vp-2': (0.94044778257120165-7.6600069909873519e-16j), 'd_vp-3': (0.95242390121757536-4.7504813865406548e-16j)}), ('ts-29', {'blarg': 2, 'order': 4, 'd_vp-3': (0.71338082812933157-1.776161307281216e-16j), 'd_vp-1': (0.86288431616756078-6.63089075177994e-16j), 'vp': False, 'd_vp-0': (0.45562684519312341-7.7682083698250282e-16j), 'd_vp-4': (0.68740645967329117-1.2904751168506327e-15j), 'pk': 'ts-29', 'std': 0.69617392932899447, 'd_vp-2': (0.69326121477607894-1.2731886486075595e-15j), 'mean': 0.77001213453887862}), ('ts-42', {'blarg': 1, 'order': 1, 'd_vp-3': 0j, 'd_vp-1': (1.0255968222339342-7.5660117846606775e-16j), 'vp': True, 'd_vp-0': (0.46248556470055635+2.8655625900294278e-16j), 'd_vp-4': (0.059509250492829804-2.1054982834034074e-15j), 'pk': 'ts-42', 'std': 1.3212395728788704, 'd_vp-2': (0.07582437948595494-6.833277814166294e-15j), 'mean': 0.98430648478404681}), ('ts-14', {'blarg': 1, 'order': 2, 'd_vp-3': (0.87917393691296686-4.2965849557935788e-16j), 'd_vp-1': (0.83528609025254352-7.4807145467334629e-16j), 'vp': False, 'd_vp-0': (0.67599620124752424-5.602493228961342e-16j), 'd_vp-4': (0.85889347889785927-8.1505440131636756e-16j), 'pk': 'ts-14', 'std': 0.50048045505842953, 'd_vp-2': (0.86432022467097147-8.3981984919431578e-16j), 'mean': 0.70308325596220289}), ('ts-0', {'blarg': 2, 'order': -5, 'd_vp-3': (0.85038109610138168-4.7139516362951512e-16j), 'd_vp-1': (0.91886018560248628-6.4755927658092858e-16j), 'vp': False, 'd_vp-0': (0.71439877818102038-7.3810856081012696e-16j), 'd_vp-4': (0.83422447014788181-1.0065381555016064e-15j), 'pk': 'ts-0', 'std': 0.40424603434824485, 'd_vp-2': (0.83215285205679113-7.4743480033427352e-16j), 'mean': 0.5266067710893193}), ('ts-24', {'blarg': 2, 'order': -3, 'pk': 'ts-24', 'd_vp-1': (0.7464473220772615-1.2196160425559302e-15j), 'vp': False, 'd_vp-0': (0.80088221308051621-7.0281138311538637e-16j), 'd_vp-4': (0.9796608178988595-8.7107031463863092e-16j), 'd_vp-2': (0.98779645967885166-9.1099904021094238e-16j), 'd_vp-3': (0.99943779089192641-6.906669871454717e-16j)}), ('ts-4', {'blarg': 1, 'order': 0, 'pk': 'ts-4', 'd_vp-1': (0.89009669270421488-7.5493541036329444e-16j), 'vp': False, 'd_vp-0': (0.14046780146727014+3.400060498286399e-15j), 'd_vp-4': (0.33617930631476761+1.0004757567061125e-15j), 'd_vp-2': (0.35849826870566576+1.471240816402252e-16j), 'd_vp-3': (0.37571608463378675-3.3429134213316815e-16j)}), ('ts-2', {'blarg': 1, 'order': -3, 'd_vp-3': (0.188104291054497+2.9977384890053931e-15j), 'd_vp-1': (0.98060162964705133-7.7956640992777546e-16j), 'vp': False, 'd_vp-0': (0.32542199634434127+4.0727347292481143e-16j), 'd_vp-4': (0.16443386132729088-1.6319758397948844e-15j), 'pk': 'ts-2', 'std': 1.2356204598858695, 'd_vp-2': (0.1777602088291747-5.7066766834715186e-15j), 'mean': 0.96346962771315769}), ('ts-32', {'blarg': 1, 'order': 3, 'd_vp-3': (0.41106913087519248-4.5233505796901593e-17j), 'd_vp-1': (1.0538074280245739-6.1658637546393747e-16j), 'vp': False, 'd_vp-0': (0.61182471722049125-4.0412470366162909e-17j), 'd_vp-4': (0.40797763861399233+7.5714833526991684e-16j), 'pk': 'ts-32', 'std': 1.042924120066544, 'd_vp-2': (0.39262129920579453+1.5421158201474713e-15j), 'mean': 0.71825315199096718}), ('ts-30', {'blarg': 1, 'order': 1, 'd_vp-3': (1.0255968222339342-4.4128728285775425e-16j), 'd_vp-1': 0j, 'vp': True, 'd_vp-0': (0.83221339270739081+3.5723267244590432e-17j), 'd_vp-4': (1.0013120364982366-4.2925244390567729e-16j), 'pk': 'ts-30', 'std': 0.37624151410844497, 'd_vp-2': (1.0077132024559998-5.8196919814263855e-16j), 'mean': 0.79729855182083031}), ('ts-43', {'blarg': 2, 'order': 0, 'd_vp-3': (0.83964624697126555-6.4602378748693854e-16j), 'd_vp-1': (0.52380090132794122-9.0245030508231295e-16j), 'vp': False, 'd_vp-0': (0.49410345360176944+1.3306681728102031e-17j), 'd_vp-4': (0.80353878162741466-6.1137623385901207e-16j), 'pk': 'ts-43', 'std': 0.5341628473805865, 'd_vp-2': (0.81494248630979527-7.8474968886484783e-16j), 'mean': 0.95888302573393669}), ('ts-8', {'blarg': 2, 'order': 2, 'pk': 'ts-8', 'd_vp-1': (0.49930926810535803-1.102705926087886e-15j), 'vp': False, 'd_vp-0': (0.73695388917862503-1.6336902763410565e-16j), 'd_vp-4': (0.96166562398454558-4.4911309392375396e-16j), 'd_vp-2': (0.96935967714608995-7.254409168395016e-16j), 'd_vp-3': (0.98808499370282354-5.0001347636412271e-16j)}), ('ts-48', {'blarg': 1, 'order': -2, 'd_vp-3': (0.45244192737798566-8.1460652754461804e-16j), 'd_vp-1': (0.94550286718380794-9.8022557058982298e-16j), 'vp': False, 'd_vp-0': (0.55676703748885659-5.5980503436997045e-16j), 'd_vp-4': (0.4447352938680697-1.8455152703791472e-16j), 'pk': 'ts-48', 'std': 0.88374037093833302, 'd_vp-2': (0.45513578959297823-1.206422624532896e-15j), 'mean': 0.61209934218289508}), ('ts-23', {'blarg': 1, 'order': -1, 'pk': 'ts-23', 'd_vp-1': (0.70528670102076274-8.8776808933370912e-16j), 'vp': False, 'd_vp-0': (0.27169714642793946-1.6302815193238516e-15j), 'd_vp-4': (0.6363684103324192-8.105338859917276e-16j), 'd_vp-2': (0.65473991779579055-7.0973586495973637e-16j), 'd_vp-3': (0.67657679965668804-2.7487704671787536e-16j)}), ('ts-47', {'blarg': 1, 'order': -1, 'd_vp-3': (0.9096728404558827-3.0339352822052459e-16j), 'd_vp-1': (0.41723239352085234-1.0328872850703189e-15j), 'vp': False, 'd_vp-0': (0.71910150872479539-4.5143272559955692e-17j), 'd_vp-4': (0.88380194632861409-3.691269778507529e-16j), 'pk': 'ts-47', 'std': 0.54464485033792054, 'd_vp-2': (0.89229533392797356-6.0738306352059034e-16j), 'mean': 0.78838210976740686}), ('ts-44', {'blarg': 2, 'order': 3, 'pk': 'ts-44', 'd_vp-1': (0.22098739226834313-1.3240394687163373e-15j), 'vp': False, 'd_vp-0': (0.83140153486914192-2.5056020901637494e-16j), 'd_vp-4': (0.99265582328427393-3.9652117939233612e-16j), 'd_vp-2': (0.99940944498103745-5.599814523547225e-16j), 'd_vp-3': (1.0158961500996624-4.2299419831033264e-16j)}), ('ts-20', {'blarg': 1, 'order': 2, 'd_vp-3': (0.21020697685477338-1.5414004353253023e-15j), 'd_vp-1': (0.94700936743742148-7.1135318506031929e-16j), 'vp': False, 'd_vp-0': (0.29633695270248939-1.1463464510535581e-15j), 'd_vp-4': (0.1751180666621939+2.0530404593445207e-15j), 'pk': 'ts-20', 'std': 1.2090495363418439, 'd_vp-2': (0.20960394587381656+2.2174092291227417e-15j), 'mean': 1.0028617187203896}), ('ts-36', {'blarg': 1, 'order': 0, 'pk': 'ts-36', 'd_vp-1': (0.53546214501420797-1.3603096290146949e-15j), 'vp': False, 'd_vp-0': (0.69048527715757113-3.3784098842518485e-16j), 'd_vp-4': (0.83356075491504633-3.6295144406452116e-16j), 'd_vp-2': (0.84334773596035317-5.7313204780282224e-16j), 'd_vp-3': (0.85734198619720781+1.008222741286162e-16j)}), ('ts-26', {'blarg': 2, 'order': 1, 'd_vp-3': (0.94276511430924259-4.1259953671046218e-16j), 'd_vp-1': (0.63059927006490302-3.2782654465289003e-16j), 'vp': False, 'd_vp-0': (0.66269527885802904-5.8748916116075948e-16j), 'd_vp-4': (0.91525369142291224-6.1424383014604073e-16j), 'pk': 'ts-26', 'std': 0.46191062327127058, 'd_vp-2': (0.92690674923453364-6.0880237464498411e-16j), 'mean': 0.89256802093724597}), ('ts-31', {'blarg': 2, 'order': -4, 'd_vp-3': (0.65378924135969951+1.3771253702211655e-16j), 'd_vp-1': (0.91028388762115608-4.9215146654317123e-16j), 'vp': False, 'd_vp-0': (0.49983796482263482-6.8140003321466142e-16j), 'd_vp-4': (0.63039351389751241-5.7911140047958148e-16j), 'pk': 'ts-31', 'std': 0.6204427590635555, 'd_vp-2': (0.62832511152823567-2.653802124766258e-16j), 'mean': 0.60209349386530131}), ('ts-13', {'blarg': 1, 'order': 1, 'd_vp-3': (0.95298606542038045-6.2285620261098733e-16j), 'd_vp-1': (0.73978032755479672-1.1491870893459645e-15j), 'vp': False, 'd_vp-0': (0.73264748349502473-5.8020980566857397e-16j), 'd_vp-4': (0.93098903267763256-6.6265535819040569e-16j), 'pk': 'ts-13', 'std': 0.43417330194870846, 'd_vp-2': (0.94166241153322583-8.1875588366148928e-16j), 'mean': 0.80328547402003991}), ('ts-34', {'blarg': 1, 'order': -5, 'd_vp-3': (0.18641226567071362+6.0507363472961785e-15j), 'd_vp-1': (0.96970307391204635-8.5647359172858568e-16j), 'vp': False, 'd_vp-0': (0.33938400308398325-1.1836116527599524e-15j), 'd_vp-4': (0.16420526317690079-3.2836025063782375e-16j), 'pk': 'ts-34', 'std': 1.2082968925009312, 'd_vp-2': (0.19293238101876814+1.1438262759487784e-15j), 'mean': 0.97145150528255764}), ('ts-16', {'blarg': 1, 'order': 1, 'd_vp-3': (0.46248556470055707-4.3284756867303885e-16j), 'd_vp-1': (0.8322133927073907-1.0068978655494923e-15j), 'vp': True, 'd_vp-0': 0j, 'd_vp-4': (0.41861683965316082+3.4069743103786255e-16j), 'pk': 'ts-16', 'std': 1.0024342512617743, 'd_vp-2': (0.43810014474636794+6.0148314776465079e-16j), 'mean': 1.0037416737313891})])}Generating LALR tables
Exception in callback _SelectorSocketTransport._read_ready()
handle: <Handle _SelectorSocketTransport._read_ready()>
Traceback (most recent call last):
  File "C:\Anaconda3\lib\asyncio\events.py", line 125, in _run
    self._callback(*self._args)
  File "C:\Anaconda3\lib\asyncio\selector_events.py", line 671, in _read_ready
    self._protocol.data_received(data)
  File "C:\Users\awacs\Desktop\cs207project\timeseries\tsdb\tsdb_server.py", line 128, in data_received
    self.conn.write(serialize(response.to_json()))
  File "C:\Users\awacs\Desktop\cs207project\timeseries\tsdb\tsdb_serialization.py", line 12, in serialize
    obj = json.dumps(json_obj)
  File "C:\Anaconda3\lib\json\__init__.py", line 230, in dumps
    return _default_encoder.encode(obj)
  File "C:\Anaconda3\lib\json\encoder.py", line 199, in encode
    chunks = self.iterencode(o, _one_shot=True)
  File "C:\Anaconda3\lib\json\encoder.py", line 257, in iterencode
    return _iterencode(o, 0)
  File "C:\Anaconda3\lib\json\encoder.py", line 180, in default
    raise TypeError(repr(o) + " is not JSON serializable")
TypeError: (0.075824379485953469+1.2854514581697578e-14j) is not JSON serializable
forrtl: error (200): program aborting due to window-CLOSE event
Image              PC                Routine            Line        Source             
libifcoremd.dll    00007FF8DF884314  Unknown               Unknown  Unknown
KERNELBASE.dll     00007FF904536634  Unknown               Unknown  Unknown
KERNEL32.DLL       00007FF906768102  Unknown               Unknown  Unknown
ntdll.dll          00007FF90745C5B4  Unknown               Unknown  Unknown
